{"D:\\LEO\\ANDELA\\Capstone\\Master\\TEAMWORK\\server\\server.js":{"path":"D:\\LEO\\ANDELA\\Capstone\\Master\\TEAMWORK\\server\\server.js","s":{"1":1,"2":1,"3":1,"4":1,"5":1,"6":1,"7":1,"8":0,"9":1,"10":1,"11":1,"12":0,"13":0,"14":0,"15":0,"16":0,"17":0,"18":0,"19":0,"20":0,"21":0,"22":0,"23":0,"24":1,"25":1,"26":1,"27":1,"28":1,"29":1,"30":0,"31":1,"32":1},"b":{"1":[1,0],"2":[1,1],"3":[0,0],"4":[0,0],"5":[0,0,0],"6":[0,1]},"f":{},"fnMap":{},"statementMap":{"1":{"start":{"line":1,"column":0},"end":{"line":1,"column":29}},"2":{"start":{"line":2,"column":0},"end":{"line":2,"column":29}},"3":{"start":{"line":4,"column":0},"end":{"line":4,"column":38}},"4":{"start":{"line":6,"column":0},"end":{"line":12,"column":2}},"5":{"start":{"line":7,"column":4},"end":{"line":7,"column":35}},"6":{"start":{"line":8,"column":4},"end":{"line":10,"column":5}},"7":{"start":{"line":9,"column":8},"end":{"line":9,"column":20}},"8":{"start":{"line":11,"column":4},"end":{"line":11,"column":17}},"9":{"start":{"line":13,"column":0},"end":{"line":13,"column":55}},"10":{"start":{"line":14,"column":0},"end":{"line":14,"column":22}},"11":{"start":{"line":16,"column":0},"end":{"line":34,"column":2}},"12":{"start":{"line":17,"column":4},"end":{"line":19,"column":5}},"13":{"start":{"line":18,"column":8},"end":{"line":18,"column":20}},"14":{"start":{"line":20,"column":4},"end":{"line":20,"column":37}},"15":{"start":{"line":21,"column":4},"end":{"line":21,"column":83}},"16":{"start":{"line":22,"column":4},"end":{"line":33,"column":5}},"17":{"start":{"line":24,"column":12},"end":{"line":24,"column":67}},"18":{"start":{"line":25,"column":12},"end":{"line":25,"column":28}},"19":{"start":{"line":26,"column":12},"end":{"line":26,"column":18}},"20":{"start":{"line":28,"column":12},"end":{"line":28,"column":56}},"21":{"start":{"line":29,"column":12},"end":{"line":29,"column":28}},"22":{"start":{"line":30,"column":12},"end":{"line":30,"column":18}},"23":{"start":{"line":32,"column":12},"end":{"line":32,"column":24}},"24":{"start":{"line":38,"column":0},"end":{"line":38,"column":33}},"25":{"start":{"line":39,"column":0},"end":{"line":43,"column":3}},"26":{"start":{"line":40,"column":4},"end":{"line":40,"column":37}},"27":{"start":{"line":41,"column":4},"end":{"line":41,"column":82}},"28":{"start":{"line":42,"column":4},"end":{"line":42,"column":40}},"29":{"start":{"line":46,"column":0},"end":{"line":48,"column":3}},"30":{"start":{"line":47,"column":4},"end":{"line":47,"column":26}},"31":{"start":{"line":50,"column":0},"end":{"line":50,"column":20}},"32":{"start":{"line":57,"column":0},"end":{"line":57,"column":24}}},"branchMap":{"1":{"line":8,"type":"if","locations":[{"start":{"line":8,"column":4},"end":{"line":8,"column":4}},{"start":{"line":8,"column":4},"end":{"line":8,"column":4}}]},"2":{"line":13,"type":"binary-expr","locations":[{"start":{"line":13,"column":27},"end":{"line":13,"column":43}},{"start":{"line":13,"column":47},"end":{"line":13,"column":53}}]},"3":{"line":17,"type":"if","locations":[{"start":{"line":17,"column":4},"end":{"line":17,"column":4}},{"start":{"line":17,"column":4},"end":{"line":17,"column":4}}]},"4":{"line":21,"type":"cond-expr","locations":[{"start":{"line":21,"column":47},"end":{"line":21,"column":64}},{"start":{"line":21,"column":67},"end":{"line":21,"column":82}}]},"5":{"line":22,"type":"switch","locations":[{"start":{"line":23,"column":8},"end":{"line":26,"column":18}},{"start":{"line":27,"column":8},"end":{"line":30,"column":18}},{"start":{"line":31,"column":8},"end":{"line":32,"column":24}}]},"6":{"line":41,"type":"cond-expr","locations":[{"start":{"line":41,"column":47},"end":{"line":41,"column":64}},{"start":{"line":41,"column":67},"end":{"line":41,"column":81}}]}}},"D:\\LEO\\ANDELA\\Capstone\\Master\\TEAMWORK\\server\\app.js":{"path":"D:\\LEO\\ANDELA\\Capstone\\Master\\TEAMWORK\\server\\app.js","s":{"1":1,"2":1,"3":1,"4":1,"5":1,"6":1,"7":32,"8":32,"9":32,"10":32,"11":1,"12":0,"13":1,"14":1},"b":{},"f":{},"fnMap":{},"statementMap":{"1":{"start":{"line":2,"column":0},"end":{"line":2,"column":35}},"2":{"start":{"line":3,"column":0},"end":{"line":3,"column":42}},"3":{"start":{"line":4,"column":0},"end":{"line":4,"column":47}},"4":{"start":{"line":9,"column":0},"end":{"line":9,"column":22}},"5":{"start":{"line":11,"column":0},"end":{"line":11,"column":27}},"6":{"start":{"line":12,"column":0},"end":{"line":17,"column":3}},"7":{"start":{"line":13,"column":4},"end":{"line":13,"column":54}},"8":{"start":{"line":14,"column":4},"end":{"line":14,"column":124}},"9":{"start":{"line":15,"column":4},"end":{"line":15,"column":92}},"10":{"start":{"line":16,"column":4},"end":{"line":16,"column":11}},"11":{"start":{"line":21,"column":0},"end":{"line":23,"column":3}},"12":{"start":{"line":22,"column":4},"end":{"line":22,"column":62}},"13":{"start":{"line":25,"column":0},"end":{"line":25,"column":28}},"14":{"start":{"line":29,"column":0},"end":{"line":29,"column":21}}},"branchMap":{}},"D:\\LEO\\ANDELA\\Capstone\\Master\\TEAMWORK\\server\\routes\\apiRoute.js":{"path":"D:\\LEO\\ANDELA\\Capstone\\Master\\TEAMWORK\\server\\routes\\apiRoute.js","s":{"1":1,"2":1,"3":1,"4":1,"5":1,"6":1,"7":1,"8":1,"9":1},"b":{},"f":{},"fnMap":{},"statementMap":{"1":{"start":{"line":1,"column":0},"end":{"line":1,"column":35}},"2":{"start":{"line":2,"column":0},"end":{"line":2,"column":41}},"3":{"start":{"line":3,"column":0},"end":{"line":3,"column":43}},"4":{"start":{"line":6,"column":0},"end":{"line":6,"column":34}},"5":{"start":{"line":12,"column":0},"end":{"line":12,"column":36}},"6":{"start":{"line":19,"column":0},"end":{"line":19,"column":37}},"7":{"start":{"line":24,"column":0},"end":{"line":24,"column":41}},"8":{"start":{"line":31,"column":0},"end":{"line":31,"column":37}},"9":{"start":{"line":33,"column":0},"end":{"line":33,"column":26}}},"branchMap":{}},"D:\\LEO\\ANDELA\\Capstone\\Master\\TEAMWORK\\server\\routes\\authRoute.js":{"path":"D:\\LEO\\ANDELA\\Capstone\\Master\\TEAMWORK\\server\\routes\\authRoute.js","s":{"1":1,"2":1,"3":1,"4":1,"5":1,"6":1,"7":1,"8":1,"9":1,"10":1,"11":1,"12":0,"13":1,"14":1,"15":1,"16":1,"17":1,"18":1,"19":1,"20":1,"21":1,"22":1,"23":2,"24":6,"25":2,"26":0,"27":2,"28":1,"29":1,"30":1,"31":1,"32":1,"33":1,"34":2,"35":2,"36":1},"b":{"1":[0,2],"2":[1,1]},"f":{},"fnMap":{},"statementMap":{"1":{"start":{"line":1,"column":0},"end":{"line":1,"column":35}},"2":{"start":{"line":2,"column":0},"end":{"line":2,"column":33}},"3":{"start":{"line":3,"column":0},"end":{"line":3,"column":36}},"4":{"start":{"line":4,"column":0},"end":{"line":4,"column":40}},"5":{"start":{"line":5,"column":0},"end":{"line":5,"column":51}},"6":{"start":{"line":6,"column":0},"end":{"line":6,"column":43}},"7":{"start":{"line":7,"column":0},"end":{"line":7,"column":53}},"8":{"start":{"line":9,"column":0},"end":{"line":9,"column":36}},"9":{"start":{"line":29,"column":0},"end":{"line":40,"column":3}},"10":{"start":{"line":30,"column":8},"end":{"line":30,"column":30}},"11":{"start":{"line":31,"column":9},"end":{"line":35,"column":10}},"12":{"start":{"line":33,"column":17},"end":{"line":33,"column":38}},"13":{"start":{"line":36,"column":4},"end":{"line":36,"column":30}},"14":{"start":{"line":37,"column":4},"end":{"line":37,"column":107}},"15":{"start":{"line":39,"column":4},"end":{"line":39,"column":11}},"16":{"start":{"line":43,"column":0},"end":{"line":51,"column":3}},"17":{"start":{"line":44,"column":4},"end":{"line":44,"column":56}},"18":{"start":{"line":45,"column":4},"end":{"line":47,"column":6}},"19":{"start":{"line":46,"column":8},"end":{"line":46,"column":39}},"20":{"start":{"line":48,"column":4},"end":{"line":48,"column":104}},"21":{"start":{"line":50,"column":4},"end":{"line":50,"column":11}},"22":{"start":{"line":53,"column":0},"end":{"line":85,"column":3}},"23":{"start":{"line":56,"column":4},"end":{"line":56,"column":71}},"24":{"start":{"line":56,"column":46},"end":{"line":56,"column":69}},"25":{"start":{"line":58,"column":4},"end":{"line":63,"column":5}},"26":{"start":{"line":60,"column":8},"end":{"line":62,"column":16}},"27":{"start":{"line":65,"column":4},"end":{"line":81,"column":5}},"28":{"start":{"line":66,"column":8},"end":{"line":69,"column":34}},"29":{"start":{"line":70,"column":8},"end":{"line":70,"column":29}},"30":{"start":{"line":71,"column":8},"end":{"line":71,"column":35}},"31":{"start":{"line":72,"column":8},"end":{"line":72,"column":32}},"32":{"start":{"line":73,"column":8},"end":{"line":73,"column":65}},"33":{"start":{"line":78,"column":8},"end":{"line":80,"column":16}},"34":{"start":{"line":82,"column":4},"end":{"line":82,"column":11}},"35":{"start":{"line":83,"column":4},"end":{"line":83,"column":16}},"36":{"start":{"line":89,"column":0},"end":{"line":89,"column":28}}},"branchMap":{"1":{"line":58,"type":"if","locations":[{"start":{"line":58,"column":4},"end":{"line":58,"column":4}},{"start":{"line":58,"column":4},"end":{"line":58,"column":4}}]},"2":{"line":65,"type":"if","locations":[{"start":{"line":65,"column":4},"end":{"line":65,"column":4}},{"start":{"line":65,"column":4},"end":{"line":65,"column":4}}]}}},"D:\\LEO\\ANDELA\\Capstone\\Master\\TEAMWORK\\server\\model\\users.js":{"path":"D:\\LEO\\ANDELA\\Capstone\\Master\\TEAMWORK\\server\\model\\users.js","s":{"1":1,"2":1},"b":{},"f":{},"fnMap":{},"statementMap":{"1":{"start":{"line":3,"column":0},"end":{"line":42,"column":2}},"2":{"start":{"line":44,"column":0},"end":{"line":44,"column":23}}},"branchMap":{}},"D:\\LEO\\ANDELA\\Capstone\\Master\\TEAMWORK\\server\\middleware\\utilityFunc.js":{"path":"D:\\LEO\\ANDELA\\Capstone\\Master\\TEAMWORK\\server\\middleware\\utilityFunc.js","s":{"1":1,"2":32,"3":7,"4":19,"5":0,"6":0,"7":0,"8":2,"9":0,"10":0,"11":0,"12":4,"13":1,"14":32,"15":32,"16":32,"17":30,"18":32,"19":32,"20":1,"21":32,"22":32,"23":32,"24":32,"25":32,"26":10,"27":32,"28":32,"29":1,"30":10,"31":10,"32":10,"33":1},"b":{"1":[7,19,0,0,0,2,0,0,0,4],"2":[30,2],"3":[32,32],"4":[10,22]},"f":{},"fnMap":{},"statementMap":{"1":{"start":{"line":3,"column":0},"end":{"line":26,"column":1}},"2":{"start":{"line":4,"column":4},"end":{"line":25,"column":5}},"3":{"start":{"line":6,"column":12},"end":{"line":6,"column":24}},"4":{"start":{"line":8,"column":12},"end":{"line":8,"column":29}},"5":{"start":{"line":10,"column":12},"end":{"line":10,"column":30}},"6":{"start":{"line":12,"column":12},"end":{"line":12,"column":41}},"7":{"start":{"line":14,"column":12},"end":{"line":14,"column":33}},"8":{"start":{"line":16,"column":12},"end":{"line":16,"column":34}},"9":{"start":{"line":18,"column":12},"end":{"line":18,"column":31}},"10":{"start":{"line":20,"column":12},"end":{"line":20,"column":31}},"11":{"start":{"line":22,"column":12},"end":{"line":22,"column":43}},"12":{"start":{"line":24,"column":12},"end":{"line":24,"column":27}},"13":{"start":{"line":27,"column":0},"end":{"line":36,"column":1}},"14":{"start":{"line":28,"column":4},"end":{"line":28,"column":22}},"15":{"start":{"line":29,"column":4},"end":{"line":29,"column":28}},"16":{"start":{"line":30,"column":4},"end":{"line":32,"column":5}},"17":{"start":{"line":31,"column":8},"end":{"line":31,"column":34}},"18":{"start":{"line":33,"column":4},"end":{"line":33,"column":45}},"19":{"start":{"line":34,"column":4},"end":{"line":34,"column":18}},"20":{"start":{"line":39,"column":0},"end":{"line":63,"column":1}},"21":{"start":{"line":41,"column":4},"end":{"line":41,"column":22}},"22":{"start":{"line":42,"column":4},"end":{"line":42,"column":48}},"23":{"start":{"line":44,"column":4},"end":{"line":44,"column":34}},"24":{"start":{"line":45,"column":4},"end":{"line":45,"column":42}},"25":{"start":{"line":47,"column":4},"end":{"line":49,"column":5}},"26":{"start":{"line":48,"column":8},"end":{"line":48,"column":48}},"27":{"start":{"line":50,"column":4},"end":{"line":50,"column":27}},"28":{"start":{"line":62,"column":4},"end":{"line":62,"column":18}},"29":{"start":{"line":65,"column":0},"end":{"line":69,"column":1}},"30":{"start":{"line":66,"column":4},"end":{"line":66,"column":22}},"31":{"start":{"line":67,"column":4},"end":{"line":67,"column":30}},"32":{"start":{"line":68,"column":4},"end":{"line":68,"column":18}},"33":{"start":{"line":71,"column":0},"end":{"line":71,"column":46}}},"branchMap":{"1":{"line":4,"type":"switch","locations":[{"start":{"line":5,"column":8},"end":{"line":6,"column":24}},{"start":{"line":7,"column":8},"end":{"line":8,"column":29}},{"start":{"line":9,"column":8},"end":{"line":10,"column":30}},{"start":{"line":11,"column":8},"end":{"line":12,"column":41}},{"start":{"line":13,"column":8},"end":{"line":14,"column":33}},{"start":{"line":15,"column":8},"end":{"line":16,"column":34}},{"start":{"line":17,"column":8},"end":{"line":18,"column":31}},{"start":{"line":19,"column":8},"end":{"line":20,"column":31}},{"start":{"line":21,"column":8},"end":{"line":22,"column":43}},{"start":{"line":23,"column":8},"end":{"line":24,"column":27}}]},"2":{"line":30,"type":"if","locations":[{"start":{"line":30,"column":4},"end":{"line":30,"column":4}},{"start":{"line":30,"column":4},"end":{"line":30,"column":4}}]},"3":{"line":30,"type":"binary-expr","locations":[{"start":{"line":30,"column":8},"end":{"line":30,"column":17}},{"start":{"line":30,"column":21},"end":{"line":30,"column":31}}]},"4":{"line":47,"type":"if","locations":[{"start":{"line":47,"column":4},"end":{"line":47,"column":4}},{"start":{"line":47,"column":4},"end":{"line":47,"column":4}}]}}},"D:\\LEO\\ANDELA\\Capstone\\Master\\TEAMWORK\\server\\middleware\\auth.js":{"path":"D:\\LEO\\ANDELA\\Capstone\\Master\\TEAMWORK\\server\\middleware\\auth.js","s":{"1":1,"2":1,"3":1,"4":27,"5":27,"6":27,"7":27,"8":27,"9":27,"10":0,"11":27,"12":0},"b":{"1":[27,0],"2":[0,27]},"f":{},"fnMap":{},"statementMap":{"1":{"start":{"line":1,"column":0},"end":{"line":1,"column":36}},"2":{"start":{"line":2,"column":0},"end":{"line":2,"column":51}},"3":{"start":{"line":4,"column":0},"end":{"line":23,"column":2}},"4":{"start":{"line":5,"column":4},"end":{"line":22,"column":5}},"5":{"start":{"line":6,"column":8},"end":{"line":16,"column":9}},"6":{"start":{"line":7,"column":12},"end":{"line":7,"column":66}},"7":{"start":{"line":8,"column":12},"end":{"line":8,"column":77}},"8":{"start":{"line":9,"column":12},"end":{"line":9,"column":42}},"9":{"start":{"line":11,"column":12},"end":{"line":14,"column":17}},"10":{"start":{"line":13,"column":16},"end":{"line":13,"column":124}},"11":{"start":{"line":15,"column":12},"end":{"line":15,"column":19}},"12":{"start":{"line":21,"column":8},"end":{"line":21,"column":96}}},"branchMap":{"1":{"line":6,"type":"if","locations":[{"start":{"line":6,"column":8},"end":{"line":6,"column":8}},{"start":{"line":6,"column":8},"end":{"line":6,"column":8}}]},"2":{"line":11,"type":"if","locations":[{"start":{"line":11,"column":12},"end":{"line":11,"column":12}},{"start":{"line":11,"column":12},"end":{"line":11,"column":12}}]}}},"D:\\LEO\\ANDELA\\Capstone\\Master\\TEAMWORK\\server\\middleware\\adminAuth.js":{"path":"D:\\LEO\\ANDELA\\Capstone\\Master\\TEAMWORK\\server\\middleware\\adminAuth.js","s":{"1":1,"2":1,"3":1,"4":1,"5":2,"6":2,"7":2,"8":2,"9":2,"10":2,"11":2,"12":1,"13":1,"14":0},"b":{"1":[2,0],"2":[1,1],"3":[2,2]},"f":{},"fnMap":{},"statementMap":{"1":{"start":{"line":1,"column":0},"end":{"line":1,"column":36}},"2":{"start":{"line":2,"column":0},"end":{"line":2,"column":40}},"3":{"start":{"line":3,"column":0},"end":{"line":3,"column":51}},"4":{"start":{"line":5,"column":0},"end":{"line":25,"column":2}},"5":{"start":{"line":6,"column":4},"end":{"line":24,"column":5}},"6":{"start":{"line":7,"column":8},"end":{"line":18,"column":9}},"7":{"start":{"line":8,"column":12},"end":{"line":8,"column":66}},"8":{"start":{"line":9,"column":12},"end":{"line":9,"column":77}},"9":{"start":{"line":10,"column":12},"end":{"line":10,"column":44}},"10":{"start":{"line":11,"column":12},"end":{"line":11,"column":53}},"11":{"start":{"line":13,"column":12},"end":{"line":16,"column":13}},"12":{"start":{"line":15,"column":16},"end":{"line":15,"column":123}},"13":{"start":{"line":17,"column":12},"end":{"line":17,"column":19}},"14":{"start":{"line":23,"column":8},"end":{"line":23,"column":95}}},"branchMap":{"1":{"line":7,"type":"if","locations":[{"start":{"line":7,"column":8},"end":{"line":7,"column":8}},{"start":{"line":7,"column":8},"end":{"line":7,"column":8}}]},"2":{"line":13,"type":"if","locations":[{"start":{"line":13,"column":12},"end":{"line":13,"column":12}},{"start":{"line":13,"column":12},"end":{"line":13,"column":12}}]},"3":{"line":13,"type":"binary-expr","locations":[{"start":{"line":13,"column":16},"end":{"line":13,"column":65}},{"start":{"line":13,"column":70},"end":{"line":13,"column":143}}]}}},"D:\\LEO\\ANDELA\\Capstone\\Master\\TEAMWORK\\server\\routes\\postsRoute.js":{"path":"D:\\LEO\\ANDELA\\Capstone\\Master\\TEAMWORK\\server\\routes\\postsRoute.js","s":{"1":1,"2":1,"3":1,"4":1,"5":1,"6":1,"7":1,"8":1,"9":1,"10":1,"11":1,"12":2,"13":2,"14":2,"15":1,"16":2,"17":2,"18":0,"19":2,"20":2,"21":1,"22":2,"23":2,"24":12,"25":2,"26":2,"27":1,"28":4,"29":4,"30":2,"31":1,"32":2,"33":7,"34":4,"35":4,"36":1,"37":2,"38":7,"39":2,"40":2,"41":1,"42":1},"b":{"1":[0,2],"2":[2,2],"3":[1,1]},"f":{},"fnMap":{},"statementMap":{"1":{"start":{"line":1,"column":0},"end":{"line":1,"column":35}},"2":{"start":{"line":2,"column":0},"end":{"line":2,"column":39}},"3":{"start":{"line":3,"column":0},"end":{"line":3,"column":49}},"4":{"start":{"line":4,"column":0},"end":{"line":4,"column":51}},"5":{"start":{"line":5,"column":0},"end":{"line":5,"column":43}},"6":{"start":{"line":7,"column":0},"end":{"line":7,"column":36}},"7":{"start":{"line":10,"column":0},"end":{"line":16,"column":3}},"8":{"start":{"line":12,"column":4},"end":{"line":12,"column":34}},"9":{"start":{"line":13,"column":4},"end":{"line":13,"column":59}},"10":{"start":{"line":15,"column":4},"end":{"line":15,"column":11}},"11":{"start":{"line":18,"column":0},"end":{"line":24,"column":3}},"12":{"start":{"line":20,"column":4},"end":{"line":20,"column":32}},"13":{"start":{"line":21,"column":4},"end":{"line":21,"column":100}},"14":{"start":{"line":23,"column":4},"end":{"line":23,"column":11}},"15":{"start":{"line":26,"column":0},"end":{"line":36,"column":3}},"16":{"start":{"line":28,"column":4},"end":{"line":28,"column":53}},"17":{"start":{"line":29,"column":4},"end":{"line":33,"column":5}},"18":{"start":{"line":30,"column":8},"end":{"line":30,"column":114}},"19":{"start":{"line":32,"column":8},"end":{"line":32,"column":63}},"20":{"start":{"line":35,"column":4},"end":{"line":35,"column":11}},"21":{"start":{"line":38,"column":0},"end":{"line":47,"column":3}},"22":{"start":{"line":40,"column":4},"end":{"line":40,"column":55}},"23":{"start":{"line":41,"column":4},"end":{"line":43,"column":6}},"24":{"start":{"line":42,"column":8},"end":{"line":42,"column":39}},"25":{"start":{"line":44,"column":4},"end":{"line":44,"column":62}},"26":{"start":{"line":46,"column":4},"end":{"line":46,"column":11}},"27":{"start":{"line":49,"column":0},"end":{"line":64,"column":3}},"28":{"start":{"line":51,"column":4},"end":{"line":51,"column":49}},"29":{"start":{"line":53,"column":4},"end":{"line":59,"column":5}},"30":{"start":{"line":54,"column":8},"end":{"line":56,"column":9}},"31":{"start":{"line":55,"column":12},"end":{"line":55,"column":45}},"32":{"start":{"line":58,"column":8},"end":{"line":58,"column":73}},"33":{"start":{"line":58,"column":48},"end":{"line":58,"column":71}},"34":{"start":{"line":61,"column":4},"end":{"line":61,"column":56}},"35":{"start":{"line":63,"column":4},"end":{"line":63,"column":11}},"36":{"start":{"line":66,"column":0},"end":{"line":72,"column":3}},"37":{"start":{"line":68,"column":4},"end":{"line":68,"column":80}},"38":{"start":{"line":68,"column":51},"end":{"line":68,"column":78}},"39":{"start":{"line":70,"column":4},"end":{"line":70,"column":102}},"40":{"start":{"line":71,"column":4},"end":{"line":71,"column":11}},"41":{"start":{"line":74,"column":0},"end":{"line":74,"column":51}},"42":{"start":{"line":77,"column":0},"end":{"line":77,"column":28}}},"branchMap":{"1":{"line":29,"type":"if","locations":[{"start":{"line":29,"column":4},"end":{"line":29,"column":4}},{"start":{"line":29,"column":4},"end":{"line":29,"column":4}}]},"2":{"line":53,"type":"if","locations":[{"start":{"line":53,"column":4},"end":{"line":53,"column":4}},{"start":{"line":53,"column":4},"end":{"line":53,"column":4}}]},"3":{"line":54,"type":"if","locations":[{"start":{"line":54,"column":8},"end":{"line":54,"column":8}},{"start":{"line":54,"column":8},"end":{"line":54,"column":8}}]}}},"D:\\LEO\\ANDELA\\Capstone\\Master\\TEAMWORK\\server\\model\\posts.js":{"path":"D:\\LEO\\ANDELA\\Capstone\\Master\\TEAMWORK\\server\\model\\posts.js","s":{"1":1,"2":1},"b":{},"f":{},"fnMap":{},"statementMap":{"1":{"start":{"line":3,"column":0},"end":{"line":31,"column":2}},"2":{"start":{"line":33,"column":0},"end":{"line":33,"column":23}}},"branchMap":{}},"D:\\LEO\\ANDELA\\Capstone\\Master\\TEAMWORK\\server\\routes\\commentsRoute.js":{"path":"D:\\LEO\\ANDELA\\Capstone\\Master\\TEAMWORK\\server\\routes\\commentsRoute.js","s":{"1":1,"2":1,"3":1,"4":1,"5":1,"6":1,"7":2,"8":13,"9":2,"10":2,"11":1,"12":2,"13":2,"14":2,"15":1,"16":2,"17":2,"18":2,"19":2,"20":2,"21":1,"22":2,"23":2,"24":10,"25":2,"26":2,"27":1,"28":2,"29":13,"30":2,"31":2,"32":1,"33":4,"34":4,"35":2,"36":1,"37":2,"38":8,"39":4,"40":4,"41":1},"b":{"1":[2,2],"2":[1,1]},"f":{},"fnMap":{},"statementMap":{"1":{"start":{"line":1,"column":0},"end":{"line":1,"column":35}},"2":{"start":{"line":2,"column":0},"end":{"line":2,"column":46}},"3":{"start":{"line":3,"column":0},"end":{"line":3,"column":51}},"4":{"start":{"line":4,"column":0},"end":{"line":4,"column":43}},"5":{"start":{"line":6,"column":0},"end":{"line":6,"column":59}},"6":{"start":{"line":8,"column":0},"end":{"line":12,"column":3}},"7":{"start":{"line":9,"column":4},"end":{"line":9,"column":95}},"8":{"start":{"line":9,"column":59},"end":{"line":9,"column":94}},"9":{"start":{"line":10,"column":4},"end":{"line":10,"column":59}},"10":{"start":{"line":11,"column":4},"end":{"line":11,"column":11}},"11":{"start":{"line":15,"column":0},"end":{"line":20,"column":3}},"12":{"start":{"line":17,"column":4},"end":{"line":17,"column":62}},"13":{"start":{"line":18,"column":4},"end":{"line":18,"column":59}},"14":{"start":{"line":19,"column":4},"end":{"line":19,"column":11}},"15":{"start":{"line":23,"column":0},"end":{"line":31,"column":3}},"16":{"start":{"line":25,"column":4},"end":{"line":25,"column":29}},"17":{"start":{"line":26,"column":4},"end":{"line":26,"column":39}},"18":{"start":{"line":27,"column":4},"end":{"line":27,"column":38}},"19":{"start":{"line":28,"column":4},"end":{"line":28,"column":108}},"20":{"start":{"line":30,"column":4},"end":{"line":30,"column":11}},"21":{"start":{"line":34,"column":0},"end":{"line":43,"column":3}},"22":{"start":{"line":36,"column":4},"end":{"line":36,"column":68}},"23":{"start":{"line":37,"column":4},"end":{"line":39,"column":6}},"24":{"start":{"line":38,"column":8},"end":{"line":38,"column":42}},"25":{"start":{"line":40,"column":4},"end":{"line":40,"column":65}},"26":{"start":{"line":42,"column":4},"end":{"line":42,"column":11}},"27":{"start":{"line":46,"column":0},"end":{"line":52,"column":3}},"28":{"start":{"line":48,"column":4},"end":{"line":48,"column":103}},"29":{"start":{"line":48,"column":68},"end":{"line":48,"column":101}},"30":{"start":{"line":49,"column":4},"end":{"line":49,"column":101}},"31":{"start":{"line":50,"column":4},"end":{"line":50,"column":11}},"32":{"start":{"line":54,"column":0},"end":{"line":69,"column":3}},"33":{"start":{"line":56,"column":4},"end":{"line":56,"column":62}},"34":{"start":{"line":58,"column":4},"end":{"line":64,"column":5}},"35":{"start":{"line":59,"column":8},"end":{"line":61,"column":9}},"36":{"start":{"line":60,"column":12},"end":{"line":60,"column":48}},"37":{"start":{"line":63,"column":8},"end":{"line":63,"column":79}},"38":{"start":{"line":63,"column":54},"end":{"line":63,"column":77}},"39":{"start":{"line":66,"column":4},"end":{"line":66,"column":59}},"40":{"start":{"line":68,"column":4},"end":{"line":68,"column":11}},"41":{"start":{"line":71,"column":0},"end":{"line":71,"column":32}}},"branchMap":{"1":{"line":58,"type":"if","locations":[{"start":{"line":58,"column":4},"end":{"line":58,"column":4}},{"start":{"line":58,"column":4},"end":{"line":58,"column":4}}]},"2":{"line":59,"type":"if","locations":[{"start":{"line":59,"column":8},"end":{"line":59,"column":8}},{"start":{"line":59,"column":8},"end":{"line":59,"column":8}}]}}},"D:\\LEO\\ANDELA\\Capstone\\Master\\TEAMWORK\\server\\model\\comments.js":{"path":"D:\\LEO\\ANDELA\\Capstone\\Master\\TEAMWORK\\server\\model\\comments.js","s":{"1":1,"2":1},"b":{},"f":{},"fnMap":{},"statementMap":{"1":{"start":{"line":1,"column":0},"end":{"line":59,"column":3}},"2":{"start":{"line":61,"column":0},"end":{"line":61,"column":26}}},"branchMap":{}}}