{"D:\\LEO\\ANDELA\\Capstone\\Master\\TEAMWORK\\spec\\api.spec.js":{"path":"D:\\LEO\\ANDELA\\Capstone\\Master\\TEAMWORK\\spec\\api.spec.js","s":{"1":1,"2":1,"3":1,"4":1,"5":1,"6":1,"7":1,"8":1,"9":1,"10":1,"11":1,"12":1,"13":1,"14":1,"15":1,"16":1,"17":1,"18":1,"19":0,"20":0,"21":0,"22":0,"23":0,"24":0,"25":0,"26":0,"27":0,"28":1,"29":48,"30":0,"31":1,"32":44,"33":44,"34":44,"35":1,"36":48,"37":48,"38":48,"39":37,"40":37,"41":0,"42":0,"43":48,"44":7,"45":7,"46":0,"47":0,"48":48,"49":1,"50":1,"51":48,"52":3,"53":3,"54":1,"55":48,"56":48,"57":48,"58":48,"59":48,"60":1,"61":0,"62":0,"63":0,"64":1,"65":0,"66":0,"67":0,"68":0,"69":1,"70":0,"71":0,"72":0,"73":0,"74":0,"75":0,"76":1,"77":4,"78":4,"79":4,"80":4,"81":4,"82":4,"83":4,"84":4,"85":4,"86":4,"87":4,"88":4,"89":4,"90":4,"91":4,"92":4,"93":4,"94":32,"95":0,"96":0,"97":0,"98":0,"99":1,"100":7,"101":7,"102":7,"103":7,"104":7,"105":7,"106":7,"107":7,"108":7,"109":7,"110":7,"111":7,"112":4,"113":4,"114":4,"115":32,"116":3,"117":3,"118":3,"119":3,"120":1,"121":8,"122":8,"123":8,"124":8,"125":8,"126":8,"127":8,"128":8,"129":8,"130":8,"131":8,"132":8,"133":8,"134":8,"135":1,"136":1,"137":1,"138":2,"139":7,"140":7,"141":7,"142":7,"143":1,"144":22,"145":22,"146":22,"147":22,"148":22,"149":22,"150":22,"151":22,"152":22,"153":22,"154":22,"155":22,"156":22,"157":22,"158":0,"159":0,"160":0,"161":0,"162":22,"163":22,"164":22,"165":22,"166":1,"167":7,"168":7,"169":7,"170":7,"171":7,"172":7,"173":7,"174":7,"175":7,"176":7,"177":7,"178":7,"179":7,"180":7,"181":7,"182":1,"183":1,"184":1,"185":1,"186":1,"187":1,"188":1,"189":1,"190":1,"191":1,"192":1,"193":1,"194":1,"195":1,"196":1,"197":1,"198":1,"199":1,"200":1,"201":1,"202":1,"203":1,"204":1,"205":1,"206":1,"207":1,"208":1,"209":1,"210":1,"211":1,"212":1,"213":1,"214":1,"215":1,"216":1,"217":1,"218":1,"219":1,"220":1,"221":1,"222":1,"223":1,"224":1,"225":1,"226":1,"227":1,"228":1,"229":1},"b":{"1":[0,0,0,0,0,0,0,0],"2":[0,48],"3":[37,11],"4":[0,37],"5":[7,41],"6":[0,7],"7":[1,47],"8":[3,45],"9":[0,0],"10":[4,0],"11":[4,3],"12":[1,7],"13":[0,22]},"f":{},"fnMap":{},"statementMap":{"1":{"start":{"line":1,"column":0},"end":{"line":1,"column":35}},"2":{"start":{"line":2,"column":0},"end":{"line":2,"column":36}},"3":{"start":{"line":3,"column":0},"end":{"line":3,"column":78}},"4":{"start":{"line":4,"column":0},"end":{"line":4,"column":73}},"5":{"start":{"line":5,"column":0},"end":{"line":5,"column":80}},"6":{"start":{"line":6,"column":0},"end":{"line":6,"column":43}},"7":{"start":{"line":20,"column":0},"end":{"line":20,"column":54}},"8":{"start":{"line":21,"column":0},"end":{"line":21,"column":108}},"9":{"start":{"line":22,"column":0},"end":{"line":22,"column":96}},"10":{"start":{"line":23,"column":0},"end":{"line":23,"column":127}},"11":{"start":{"line":24,"column":0},"end":{"line":24,"column":32}},"12":{"start":{"line":25,"column":0},"end":{"line":25,"column":39}},"13":{"start":{"line":26,"column":0},"end":{"line":26,"column":31}},"14":{"start":{"line":27,"column":0},"end":{"line":27,"column":31}},"15":{"start":{"line":28,"column":0},"end":{"line":28,"column":28}},"16":{"start":{"line":29,"column":0},"end":{"line":29,"column":20}},"17":{"start":{"line":30,"column":0},"end":{"line":30,"column":24}},"18":{"start":{"line":44,"column":0},"end":{"line":64,"column":1}},"19":{"start":{"line":45,"column":0},"end":{"line":62,"column":1}},"20":{"start":{"line":47,"column":8},"end":{"line":47,"column":25}},"21":{"start":{"line":49,"column":8},"end":{"line":49,"column":25}},"22":{"start":{"line":51,"column":8},"end":{"line":51,"column":25}},"23":{"start":{"line":53,"column":8},"end":{"line":53,"column":23}},"24":{"start":{"line":55,"column":8},"end":{"line":55,"column":23}},"25":{"start":{"line":57,"column":8},"end":{"line":57,"column":23}},"26":{"start":{"line":59,"column":8},"end":{"line":59,"column":23}},"27":{"start":{"line":61,"column":8},"end":{"line":61,"column":23}},"28":{"start":{"line":71,"column":1},"end":{"line":75,"column":2}},"29":{"start":{"line":72,"column":5},"end":{"line":74,"column":6}},"30":{"start":{"line":73,"column":9},"end":{"line":73,"column":38}},"31":{"start":{"line":81,"column":0},"end":{"line":89,"column":1}},"32":{"start":{"line":83,"column":4},"end":{"line":86,"column":30}},"33":{"start":{"line":87,"column":8},"end":{"line":87,"column":33}},"34":{"start":{"line":88,"column":8},"end":{"line":88,"column":31}},"35":{"start":{"line":92,"column":0},"end":{"line":120,"column":1}},"36":{"start":{"line":93,"column":4},"end":{"line":93,"column":27}},"37":{"start":{"line":94,"column":4},"end":{"line":94,"column":26}},"38":{"start":{"line":95,"column":4},"end":{"line":101,"column":5}},"39":{"start":{"line":96,"column":8},"end":{"line":96,"column":22}},"40":{"start":{"line":97,"column":8},"end":{"line":100,"column":9}},"41":{"start":{"line":98,"column":12},"end":{"line":98,"column":32}},"42":{"start":{"line":99,"column":12},"end":{"line":99,"column":175}},"43":{"start":{"line":103,"column":4},"end":{"line":109,"column":5}},"44":{"start":{"line":104,"column":8},"end":{"line":104,"column":22}},"45":{"start":{"line":105,"column":8},"end":{"line":108,"column":9}},"46":{"start":{"line":106,"column":12},"end":{"line":106,"column":32}},"47":{"start":{"line":107,"column":12},"end":{"line":107,"column":175}},"48":{"start":{"line":111,"column":4},"end":{"line":114,"column":5}},"49":{"start":{"line":112,"column":12},"end":{"line":112,"column":35}},"50":{"start":{"line":113,"column":12},"end":{"line":113,"column":175}},"51":{"start":{"line":116,"column":4},"end":{"line":119,"column":5}},"52":{"start":{"line":117,"column":12},"end":{"line":117,"column":32}},"53":{"start":{"line":118,"column":12},"end":{"line":118,"column":32}},"54":{"start":{"line":122,"column":0},"end":{"line":140,"column":1}},"55":{"start":{"line":123,"column":4},"end":{"line":123,"column":27}},"56":{"start":{"line":124,"column":4},"end":{"line":127,"column":6}},"57":{"start":{"line":131,"column":3},"end":{"line":131,"column":25}},"58":{"start":{"line":133,"column":4},"end":{"line":138,"column":5}},"59":{"start":{"line":139,"column":4},"end":{"line":139,"column":22}},"60":{"start":{"line":142,"column":0},"end":{"line":147,"column":1}},"61":{"start":{"line":143,"column":4},"end":{"line":146,"column":7}},"62":{"start":{"line":144,"column":8},"end":{"line":144,"column":45}},"63":{"start":{"line":145,"column":8},"end":{"line":145,"column":68}},"64":{"start":{"line":149,"column":0},"end":{"line":157,"column":1}},"65":{"start":{"line":151,"column":4},"end":{"line":156,"column":7}},"66":{"start":{"line":152,"column":8},"end":{"line":152,"column":34}},"67":{"start":{"line":153,"column":8},"end":{"line":155,"column":11}},"68":{"start":{"line":154,"column":11},"end":{"line":154,"column":60}},"69":{"start":{"line":159,"column":0},"end":{"line":171,"column":1}},"70":{"start":{"line":161,"column":12},"end":{"line":170,"column":13}},"71":{"start":{"line":162,"column":16},"end":{"line":166,"column":17}},"72":{"start":{"line":163,"column":20},"end":{"line":165,"column":22}},"73":{"start":{"line":164,"column":24},"end":{"line":164,"column":52}},"74":{"start":{"line":164,"column":45},"end":{"line":164,"column":51}},"75":{"start":{"line":169,"column":16},"end":{"line":169,"column":25}},"76":{"start":{"line":173,"column":0},"end":{"line":231,"column":1}},"77":{"start":{"line":175,"column":4},"end":{"line":230,"column":7}},"78":{"start":{"line":176,"column":8},"end":{"line":176,"column":24}},"79":{"start":{"line":177,"column":8},"end":{"line":185,"column":11}},"80":{"start":{"line":178,"column":12},"end":{"line":178,"column":52}},"81":{"start":{"line":179,"column":12},"end":{"line":184,"column":14}},"82":{"start":{"line":180,"column":16},"end":{"line":180,"column":50}},"83":{"start":{"line":181,"column":16},"end":{"line":181,"column":33}},"84":{"start":{"line":183,"column":16},"end":{"line":183,"column":23}},"85":{"start":{"line":187,"column":8},"end":{"line":190,"column":10}},"86":{"start":{"line":188,"column":12},"end":{"line":188,"column":35}},"87":{"start":{"line":189,"column":12},"end":{"line":189,"column":19}},"88":{"start":{"line":201,"column":8},"end":{"line":204,"column":11}},"89":{"start":{"line":202,"column":12},"end":{"line":202,"column":49}},"90":{"start":{"line":214,"column":8},"end":{"line":228,"column":9}},"91":{"start":{"line":215,"column":12},"end":{"line":220,"column":15}},"92":{"start":{"line":216,"column":16},"end":{"line":216,"column":55}},"93":{"start":{"line":217,"column":16},"end":{"line":219,"column":19}},"94":{"start":{"line":218,"column":20},"end":{"line":218,"column":69}},"95":{"start":{"line":222,"column":12},"end":{"line":227,"column":15}},"96":{"start":{"line":223,"column":16},"end":{"line":223,"column":47}},"97":{"start":{"line":224,"column":16},"end":{"line":226,"column":19}},"98":{"start":{"line":225,"column":20},"end":{"line":225,"column":69}},"99":{"start":{"line":233,"column":0},"end":{"line":275,"column":1}},"100":{"start":{"line":234,"column":4},"end":{"line":234,"column":27}},"101":{"start":{"line":235,"column":4},"end":{"line":274,"column":7}},"102":{"start":{"line":236,"column":8},"end":{"line":236,"column":24}},"103":{"start":{"line":237,"column":8},"end":{"line":244,"column":11}},"104":{"start":{"line":238,"column":12},"end":{"line":238,"column":53}},"105":{"start":{"line":239,"column":12},"end":{"line":243,"column":15}},"106":{"start":{"line":240,"column":16},"end":{"line":240,"column":50}},"107":{"start":{"line":241,"column":16},"end":{"line":241,"column":33}},"108":{"start":{"line":242,"column":16},"end":{"line":242,"column":23}},"109":{"start":{"line":246,"column":8},"end":{"line":249,"column":11}},"110":{"start":{"line":247,"column":12},"end":{"line":247,"column":49}},"111":{"start":{"line":258,"column":8},"end":{"line":272,"column":9}},"112":{"start":{"line":259,"column":12},"end":{"line":264,"column":15}},"113":{"start":{"line":260,"column":16},"end":{"line":260,"column":52}},"114":{"start":{"line":261,"column":16},"end":{"line":263,"column":19}},"115":{"start":{"line":262,"column":20},"end":{"line":262,"column":69}},"116":{"start":{"line":266,"column":12},"end":{"line":271,"column":15}},"117":{"start":{"line":267,"column":16},"end":{"line":267,"column":47}},"118":{"start":{"line":268,"column":16},"end":{"line":270,"column":19}},"119":{"start":{"line":269,"column":20},"end":{"line":269,"column":69}},"120":{"start":{"line":279,"column":0},"end":{"line":320,"column":1}},"121":{"start":{"line":280,"column":4},"end":{"line":319,"column":7}},"122":{"start":{"line":281,"column":8},"end":{"line":281,"column":24}},"123":{"start":{"line":282,"column":8},"end":{"line":290,"column":11}},"124":{"start":{"line":283,"column":12},"end":{"line":283,"column":53}},"125":{"start":{"line":284,"column":12},"end":{"line":289,"column":15}},"126":{"start":{"line":285,"column":16},"end":{"line":285,"column":50}},"127":{"start":{"line":286,"column":16},"end":{"line":286,"column":33}},"128":{"start":{"line":288,"column":16},"end":{"line":288,"column":23}},"129":{"start":{"line":292,"column":8},"end":{"line":295,"column":10}},"130":{"start":{"line":293,"column":12},"end":{"line":293,"column":35}},"131":{"start":{"line":294,"column":12},"end":{"line":294,"column":19}},"132":{"start":{"line":297,"column":12},"end":{"line":300,"column":15}},"133":{"start":{"line":298,"column":16},"end":{"line":298,"column":53}},"134":{"start":{"line":302,"column":8},"end":{"line":316,"column":9}},"135":{"start":{"line":303,"column":12},"end":{"line":308,"column":15}},"136":{"start":{"line":304,"column":16},"end":{"line":304,"column":52}},"137":{"start":{"line":305,"column":16},"end":{"line":307,"column":19}},"138":{"start":{"line":306,"column":20},"end":{"line":306,"column":69}},"139":{"start":{"line":310,"column":12},"end":{"line":315,"column":15}},"140":{"start":{"line":311,"column":16},"end":{"line":311,"column":47}},"141":{"start":{"line":312,"column":16},"end":{"line":314,"column":19}},"142":{"start":{"line":313,"column":20},"end":{"line":313,"column":69}},"143":{"start":{"line":322,"column":0},"end":{"line":359,"column":1}},"144":{"start":{"line":323,"column":4},"end":{"line":358,"column":7}},"145":{"start":{"line":324,"column":8},"end":{"line":324,"column":24}},"146":{"start":{"line":325,"column":8},"end":{"line":332,"column":11}},"147":{"start":{"line":326,"column":12},"end":{"line":326,"column":52}},"148":{"start":{"line":327,"column":12},"end":{"line":331,"column":15}},"149":{"start":{"line":328,"column":16},"end":{"line":328,"column":50}},"150":{"start":{"line":329,"column":16},"end":{"line":329,"column":33}},"151":{"start":{"line":330,"column":16},"end":{"line":330,"column":23}},"152":{"start":{"line":334,"column":8},"end":{"line":337,"column":10}},"153":{"start":{"line":335,"column":12},"end":{"line":335,"column":35}},"154":{"start":{"line":336,"column":12},"end":{"line":336,"column":19}},"155":{"start":{"line":339,"column":12},"end":{"line":341,"column":15}},"156":{"start":{"line":340,"column":16},"end":{"line":340,"column":53}},"157":{"start":{"line":343,"column":8},"end":{"line":357,"column":9}},"158":{"start":{"line":344,"column":12},"end":{"line":349,"column":15}},"159":{"start":{"line":345,"column":16},"end":{"line":345,"column":52}},"160":{"start":{"line":346,"column":16},"end":{"line":348,"column":19}},"161":{"start":{"line":347,"column":20},"end":{"line":347,"column":69}},"162":{"start":{"line":351,"column":12},"end":{"line":356,"column":15}},"163":{"start":{"line":352,"column":16},"end":{"line":352,"column":47}},"164":{"start":{"line":353,"column":16},"end":{"line":355,"column":19}},"165":{"start":{"line":354,"column":20},"end":{"line":354,"column":69}},"166":{"start":{"line":361,"column":0},"end":{"line":386,"column":1}},"167":{"start":{"line":362,"column":4},"end":{"line":362,"column":27}},"168":{"start":{"line":363,"column":4},"end":{"line":385,"column":7}},"169":{"start":{"line":364,"column":8},"end":{"line":364,"column":24}},"170":{"start":{"line":365,"column":8},"end":{"line":372,"column":11}},"171":{"start":{"line":366,"column":12},"end":{"line":366,"column":52}},"172":{"start":{"line":367,"column":12},"end":{"line":371,"column":15}},"173":{"start":{"line":368,"column":16},"end":{"line":368,"column":50}},"174":{"start":{"line":369,"column":16},"end":{"line":369,"column":33}},"175":{"start":{"line":370,"column":16},"end":{"line":370,"column":23}},"176":{"start":{"line":374,"column":8},"end":{"line":376,"column":11}},"177":{"start":{"line":375,"column":12},"end":{"line":375,"column":49}},"178":{"start":{"line":378,"column":12},"end":{"line":383,"column":15}},"179":{"start":{"line":379,"column":16},"end":{"line":379,"column":47}},"180":{"start":{"line":380,"column":16},"end":{"line":382,"column":19}},"181":{"start":{"line":381,"column":20},"end":{"line":381,"column":69}},"182":{"start":{"line":392,"column":0},"end":{"line":402,"column":2}},"183":{"start":{"line":404,"column":0},"end":{"line":422,"column":2}},"184":{"start":{"line":424,"column":0},"end":{"line":434,"column":2}},"185":{"start":{"line":438,"column":0},"end":{"line":448,"column":2}},"186":{"start":{"line":450,"column":0},"end":{"line":468,"column":2}},"187":{"start":{"line":470,"column":0},"end":{"line":480,"column":2}},"188":{"start":{"line":482,"column":0},"end":{"line":492,"column":2}},"189":{"start":{"line":494,"column":0},"end":{"line":506,"column":2}},"190":{"start":{"line":513,"column":0},"end":{"line":517,"column":2}},"191":{"start":{"line":519,"column":0},"end":{"line":525,"column":2}},"192":{"start":{"line":527,"column":0},"end":{"line":531,"column":2}},"193":{"start":{"line":533,"column":0},"end":{"line":546,"column":2}},"194":{"start":{"line":548,"column":0},"end":{"line":561,"column":2}},"195":{"start":{"line":563,"column":0},"end":{"line":570,"column":2}},"196":{"start":{"line":572,"column":0},"end":{"line":579,"column":2}},"197":{"start":{"line":581,"column":0},"end":{"line":585,"column":2}},"198":{"start":{"line":589,"column":0},"end":{"line":594,"column":2}},"199":{"start":{"line":596,"column":0},"end":{"line":610,"column":2}},"200":{"start":{"line":612,"column":0},"end":{"line":617,"column":2}},"201":{"start":{"line":619,"column":0},"end":{"line":627,"column":2}},"202":{"start":{"line":634,"column":0},"end":{"line":638,"column":2}},"203":{"start":{"line":640,"column":0},"end":{"line":644,"column":2}},"204":{"start":{"line":646,"column":0},"end":{"line":657,"column":2}},"205":{"start":{"line":659,"column":0},"end":{"line":671,"column":2}},"206":{"start":{"line":673,"column":0},"end":{"line":677,"column":2}},"207":{"start":{"line":679,"column":0},"end":{"line":688,"column":2}},"208":{"start":{"line":690,"column":0},"end":{"line":699,"column":2}},"209":{"start":{"line":704,"column":0},"end":{"line":709,"column":2}},"210":{"start":{"line":711,"column":0},"end":{"line":724,"column":2}},"211":{"start":{"line":726,"column":0},"end":{"line":731,"column":2}},"212":{"start":{"line":733,"column":0},"end":{"line":741,"column":2}},"213":{"start":{"line":750,"column":0},"end":{"line":763,"column":2}},"214":{"start":{"line":766,"column":0},"end":{"line":770,"column":2}},"215":{"start":{"line":773,"column":0},"end":{"line":777,"column":2}},"216":{"start":{"line":779,"column":0},"end":{"line":792,"column":2}},"217":{"start":{"line":794,"column":0},"end":{"line":801,"column":2}},"218":{"start":{"line":803,"column":0},"end":{"line":810,"column":2}},"219":{"start":{"line":818,"column":0},"end":{"line":822,"column":2}},"220":{"start":{"line":824,"column":0},"end":{"line":828,"column":2}},"221":{"start":{"line":830,"column":0},"end":{"line":841,"column":2}},"222":{"start":{"line":843,"column":0},"end":{"line":855,"column":2}},"223":{"start":{"line":857,"column":0},"end":{"line":861,"column":2}},"224":{"start":{"line":863,"column":0},"end":{"line":871,"column":2}},"225":{"start":{"line":873,"column":0},"end":{"line":881,"column":2}},"226":{"start":{"line":886,"column":0},"end":{"line":891,"column":2}},"227":{"start":{"line":893,"column":0},"end":{"line":906,"column":2}},"228":{"start":{"line":908,"column":0},"end":{"line":913,"column":2}},"229":{"start":{"line":915,"column":0},"end":{"line":923,"column":2}}},"branchMap":{"1":{"line":45,"type":"switch","locations":[{"start":{"line":46,"column":4},"end":{"line":47,"column":25}},{"start":{"line":48,"column":4},"end":{"line":49,"column":25}},{"start":{"line":50,"column":4},"end":{"line":51,"column":25}},{"start":{"line":52,"column":4},"end":{"line":53,"column":23}},{"start":{"line":54,"column":4},"end":{"line":55,"column":23}},{"start":{"line":56,"column":4},"end":{"line":57,"column":23}},{"start":{"line":58,"column":4},"end":{"line":59,"column":23}},{"start":{"line":60,"column":4},"end":{"line":61,"column":23}}]},"2":{"line":72,"type":"if","locations":[{"start":{"line":72,"column":5},"end":{"line":72,"column":5}},{"start":{"line":72,"column":5},"end":{"line":72,"column":5}}]},"3":{"line":95,"type":"if","locations":[{"start":{"line":95,"column":4},"end":{"line":95,"column":4}},{"start":{"line":95,"column":4},"end":{"line":95,"column":4}}]},"4":{"line":97,"type":"if","locations":[{"start":{"line":97,"column":8},"end":{"line":97,"column":8}},{"start":{"line":97,"column":8},"end":{"line":97,"column":8}}]},"5":{"line":103,"type":"if","locations":[{"start":{"line":103,"column":4},"end":{"line":103,"column":4}},{"start":{"line":103,"column":4},"end":{"line":103,"column":4}}]},"6":{"line":105,"type":"if","locations":[{"start":{"line":105,"column":8},"end":{"line":105,"column":8}},{"start":{"line":105,"column":8},"end":{"line":105,"column":8}}]},"7":{"line":111,"type":"if","locations":[{"start":{"line":111,"column":4},"end":{"line":111,"column":4}},{"start":{"line":111,"column":4},"end":{"line":111,"column":4}}]},"8":{"line":116,"type":"if","locations":[{"start":{"line":116,"column":4},"end":{"line":116,"column":4}},{"start":{"line":116,"column":4},"end":{"line":116,"column":4}}]},"9":{"line":162,"type":"if","locations":[{"start":{"line":162,"column":16},"end":{"line":162,"column":16}},{"start":{"line":162,"column":16},"end":{"line":162,"column":16}}]},"10":{"line":214,"type":"if","locations":[{"start":{"line":214,"column":8},"end":{"line":214,"column":8}},{"start":{"line":214,"column":8},"end":{"line":214,"column":8}}]},"11":{"line":258,"type":"if","locations":[{"start":{"line":258,"column":8},"end":{"line":258,"column":8}},{"start":{"line":258,"column":8},"end":{"line":258,"column":8}}]},"12":{"line":302,"type":"if","locations":[{"start":{"line":302,"column":8},"end":{"line":302,"column":8}},{"start":{"line":302,"column":8},"end":{"line":302,"column":8}}]},"13":{"line":343,"type":"if","locations":[{"start":{"line":343,"column":8},"end":{"line":343,"column":8}},{"start":{"line":343,"column":8},"end":{"line":343,"column":8}}]}}},"D:\\LEO\\ANDELA\\Capstone\\Master\\TEAMWORK\\server\\controller\\userController.js":{"path":"D:\\LEO\\ANDELA\\Capstone\\Master\\TEAMWORK\\server\\controller\\userController.js","s":{"1":1,"2":1,"3":1,"4":1},"b":{},"f":{},"fnMap":{},"statementMap":{"1":{"start":{"line":1,"column":0},"end":{"line":1,"column":43}},"2":{"start":{"line":3,"column":0},"end":{"line":3,"column":59}},"3":{"start":{"line":5,"column":0},"end":{"line":5,"column":48}},"4":{"start":{"line":8,"column":0},"end":{"line":8,"column":38}}},"branchMap":{}},"D:\\LEO\\ANDELA\\Capstone\\Master\\TEAMWORK\\server\\model\\userModel.js":{"path":"D:\\LEO\\ANDELA\\Capstone\\Master\\TEAMWORK\\server\\model\\userModel.js","s":{"1":1,"2":1,"3":1,"4":1,"5":1},"b":{},"f":{},"fnMap":{},"statementMap":{"1":{"start":{"line":1,"column":0},"end":{"line":1,"column":39}},"2":{"start":{"line":2,"column":0},"end":{"line":2,"column":46}},"3":{"start":{"line":4,"column":0},"end":{"line":4,"column":26}},"4":{"start":{"line":7,"column":0},"end":{"line":62,"column":3}},"5":{"start":{"line":106,"column":0},"end":{"line":106,"column":22}}},"branchMap":{}},"D:\\LEO\\ANDELA\\Capstone\\Master\\TEAMWORK\\server\\db\\connection.js":{"path":"D:\\LEO\\ANDELA\\Capstone\\Master\\TEAMWORK\\server\\db\\connection.js","s":{"1":1,"2":1,"3":1,"4":1,"5":1},"b":{},"f":{},"fnMap":{},"statementMap":{"1":{"start":{"line":1,"column":0},"end":{"line":1,"column":39}},"2":{"start":{"line":3,"column":0},"end":{"line":3,"column":177}},"3":{"start":{"line":5,"column":0},"end":{"line":12,"column":1}},"4":{"start":{"line":14,"column":0},"end":{"line":14,"column":56}},"5":{"start":{"line":16,"column":0},"end":{"line":16,"column":27}}},"branchMap":{}},"D:\\LEO\\ANDELA\\Capstone\\Master\\TEAMWORK\\server\\controller\\dbControlClass.js":{"path":"D:\\LEO\\ANDELA\\Capstone\\Master\\TEAMWORK\\server\\controller\\dbControlClass.js","s":{"1":1,"2":3,"3":4,"4":4,"5":4,"6":0,"7":5,"8":5,"9":5,"10":0,"11":0,"12":0,"13":0,"14":0,"15":27,"16":27,"17":27,"18":0,"19":14,"20":14,"21":14,"22":0,"23":1},"b":{},"f":{"1":3,"2":4,"3":5,"4":0,"5":27,"6":14},"fnMap":{"1":{"name":"(anonymous_1)","line":7,"loc":{"start":{"line":7,"column":11},"end":{"line":7,"column":19}}},"2":{"name":"(anonymous_2)","line":26,"loc":{"start":{"line":26,"column":11},"end":{"line":26,"column":19}}},"3":{"name":"(anonymous_3)","line":42,"loc":{"start":{"line":42,"column":10},"end":{"line":42,"column":15}}},"4":{"name":"(anonymous_4)","line":57,"loc":{"start":{"line":57,"column":10},"end":{"line":57,"column":17}}},"5":{"name":"(anonymous_5)","line":94,"loc":{"start":{"line":94,"column":10},"end":{"line":94,"column":15}}},"6":{"name":"(anonymous_6)","line":118,"loc":{"start":{"line":118,"column":11},"end":{"line":118,"column":17}}}},"statementMap":{"1":{"start":{"line":1,"column":0},"end":{"line":1,"column":36}},"2":{"start":{"line":8,"column":8},"end":{"line":8,"column":27}},"3":{"start":{"line":27,"column":8},"end":{"line":39,"column":10}},"4":{"start":{"line":29,"column":12},"end":{"line":38,"column":19}},"5":{"start":{"line":34,"column":20},"end":{"line":34,"column":77}},"6":{"start":{"line":37,"column":20},"end":{"line":37,"column":40}},"7":{"start":{"line":43,"column":8},"end":{"line":54,"column":10}},"8":{"start":{"line":45,"column":12},"end":{"line":53,"column":19}},"9":{"start":{"line":48,"column":20},"end":{"line":48,"column":46}},"10":{"start":{"line":52,"column":20},"end":{"line":52,"column":41}},"11":{"start":{"line":58,"column":8},"end":{"line":72,"column":10}},"12":{"start":{"line":60,"column":11},"end":{"line":71,"column":15}},"13":{"start":{"line":68,"column":16},"end":{"line":68,"column":45}},"14":{"start":{"line":70,"column":16},"end":{"line":70,"column":36}},"15":{"start":{"line":95,"column":8},"end":{"line":113,"column":9}},"16":{"start":{"line":98,"column":15},"end":{"line":109,"column":19}},"17":{"start":{"line":105,"column":20},"end":{"line":105,"column":55}},"18":{"start":{"line":108,"column":20},"end":{"line":108,"column":40}},"19":{"start":{"line":119,"column":8},"end":{"line":133,"column":9}},"20":{"start":{"line":122,"column":16},"end":{"line":128,"column":19}},"21":{"start":{"line":125,"column":20},"end":{"line":125,"column":40}},"22":{"start":{"line":127,"column":20},"end":{"line":127,"column":40}},"23":{"start":{"line":149,"column":0},"end":{"line":149,"column":37}}},"branchMap":{}},"D:\\LEO\\ANDELA\\Capstone\\Master\\TEAMWORK\\server\\controller\\postController.js":{"path":"D:\\LEO\\ANDELA\\Capstone\\Master\\TEAMWORK\\server\\controller\\postController.js","s":{"1":1,"2":1,"3":1,"4":1},"b":{},"f":{},"fnMap":{},"statementMap":{"1":{"start":{"line":1,"column":0},"end":{"line":1,"column":43}},"2":{"start":{"line":3,"column":0},"end":{"line":3,"column":56}},"3":{"start":{"line":5,"column":0},"end":{"line":5,"column":48}},"4":{"start":{"line":8,"column":0},"end":{"line":8,"column":37}}},"branchMap":{}},"D:\\LEO\\ANDELA\\Capstone\\Master\\TEAMWORK\\server\\model\\postModel.js":{"path":"D:\\LEO\\ANDELA\\Capstone\\Master\\TEAMWORK\\server\\model\\postModel.js","s":{"1":1,"2":1,"3":1,"4":1,"5":1,"6":1},"b":{},"f":{},"fnMap":{},"statementMap":{"1":{"start":{"line":4,"column":0},"end":{"line":4,"column":39}},"2":{"start":{"line":5,"column":0},"end":{"line":5,"column":46}},"3":{"start":{"line":6,"column":0},"end":{"line":6,"column":36}},"4":{"start":{"line":8,"column":0},"end":{"line":8,"column":28}},"5":{"start":{"line":12,"column":0},"end":{"line":54,"column":3}},"6":{"start":{"line":58,"column":0},"end":{"line":58,"column":22}}},"branchMap":{}},"D:\\LEO\\ANDELA\\Capstone\\Master\\TEAMWORK\\server\\controller\\commentController.js":{"path":"D:\\LEO\\ANDELA\\Capstone\\Master\\TEAMWORK\\server\\controller\\commentController.js","s":{"1":1,"2":1,"3":1,"4":1},"b":{},"f":{},"fnMap":{},"statementMap":{"1":{"start":{"line":1,"column":0},"end":{"line":1,"column":49}},"2":{"start":{"line":3,"column":0},"end":{"line":3,"column":59}},"3":{"start":{"line":5,"column":0},"end":{"line":5,"column":54}},"4":{"start":{"line":8,"column":0},"end":{"line":8,"column":40}}},"branchMap":{}},"D:\\LEO\\ANDELA\\Capstone\\Master\\TEAMWORK\\server\\model\\commentModel.js":{"path":"D:\\LEO\\ANDELA\\Capstone\\Master\\TEAMWORK\\server\\model\\commentModel.js","s":{"1":1,"2":1,"3":1,"4":1,"5":1},"b":{},"f":{},"fnMap":{},"statementMap":{"1":{"start":{"line":4,"column":0},"end":{"line":4,"column":39}},"2":{"start":{"line":5,"column":0},"end":{"line":5,"column":46}},"3":{"start":{"line":7,"column":0},"end":{"line":7,"column":26}},"4":{"start":{"line":10,"column":0},"end":{"line":48,"column":3}},"5":{"start":{"line":51,"column":0},"end":{"line":51,"column":25}}},"branchMap":{}},"D:\\LEO\\ANDELA\\Capstone\\Master\\TEAMWORK\\server\\server.js":{"path":"D:\\LEO\\ANDELA\\Capstone\\Master\\TEAMWORK\\server\\server.js","s":{"1":1,"2":1,"3":1,"4":1,"5":1,"6":1,"7":1,"8":0,"9":1,"10":1,"11":1,"12":0,"13":0,"14":0,"15":0,"16":0,"17":0,"18":0,"19":0,"20":0,"21":0,"22":0,"23":0,"24":1,"25":1,"26":1,"27":1,"28":1,"29":1,"30":0,"31":1,"32":1},"b":{"1":[1,0],"2":[1,1],"3":[0,0],"4":[0,0],"5":[0,0,0],"6":[0,1]},"f":{},"fnMap":{},"statementMap":{"1":{"start":{"line":1,"column":0},"end":{"line":1,"column":29}},"2":{"start":{"line":2,"column":0},"end":{"line":2,"column":29}},"3":{"start":{"line":4,"column":0},"end":{"line":4,"column":38}},"4":{"start":{"line":6,"column":0},"end":{"line":12,"column":2}},"5":{"start":{"line":7,"column":4},"end":{"line":7,"column":35}},"6":{"start":{"line":8,"column":4},"end":{"line":10,"column":5}},"7":{"start":{"line":9,"column":8},"end":{"line":9,"column":20}},"8":{"start":{"line":11,"column":4},"end":{"line":11,"column":17}},"9":{"start":{"line":13,"column":0},"end":{"line":13,"column":55}},"10":{"start":{"line":14,"column":0},"end":{"line":14,"column":22}},"11":{"start":{"line":16,"column":0},"end":{"line":34,"column":2}},"12":{"start":{"line":17,"column":4},"end":{"line":19,"column":5}},"13":{"start":{"line":18,"column":8},"end":{"line":18,"column":20}},"14":{"start":{"line":20,"column":4},"end":{"line":20,"column":37}},"15":{"start":{"line":21,"column":4},"end":{"line":21,"column":83}},"16":{"start":{"line":22,"column":4},"end":{"line":33,"column":5}},"17":{"start":{"line":24,"column":12},"end":{"line":24,"column":67}},"18":{"start":{"line":25,"column":12},"end":{"line":25,"column":28}},"19":{"start":{"line":26,"column":12},"end":{"line":26,"column":18}},"20":{"start":{"line":28,"column":12},"end":{"line":28,"column":56}},"21":{"start":{"line":29,"column":12},"end":{"line":29,"column":28}},"22":{"start":{"line":30,"column":12},"end":{"line":30,"column":18}},"23":{"start":{"line":32,"column":12},"end":{"line":32,"column":24}},"24":{"start":{"line":38,"column":0},"end":{"line":38,"column":33}},"25":{"start":{"line":39,"column":0},"end":{"line":43,"column":3}},"26":{"start":{"line":40,"column":4},"end":{"line":40,"column":37}},"27":{"start":{"line":41,"column":4},"end":{"line":41,"column":82}},"28":{"start":{"line":42,"column":4},"end":{"line":42,"column":40}},"29":{"start":{"line":46,"column":0},"end":{"line":48,"column":3}},"30":{"start":{"line":47,"column":4},"end":{"line":47,"column":26}},"31":{"start":{"line":50,"column":0},"end":{"line":50,"column":20}},"32":{"start":{"line":57,"column":0},"end":{"line":57,"column":24}}},"branchMap":{"1":{"line":8,"type":"if","locations":[{"start":{"line":8,"column":4},"end":{"line":8,"column":4}},{"start":{"line":8,"column":4},"end":{"line":8,"column":4}}]},"2":{"line":13,"type":"binary-expr","locations":[{"start":{"line":13,"column":27},"end":{"line":13,"column":43}},{"start":{"line":13,"column":47},"end":{"line":13,"column":53}}]},"3":{"line":17,"type":"if","locations":[{"start":{"line":17,"column":4},"end":{"line":17,"column":4}},{"start":{"line":17,"column":4},"end":{"line":17,"column":4}}]},"4":{"line":21,"type":"cond-expr","locations":[{"start":{"line":21,"column":47},"end":{"line":21,"column":64}},{"start":{"line":21,"column":67},"end":{"line":21,"column":82}}]},"5":{"line":22,"type":"switch","locations":[{"start":{"line":23,"column":8},"end":{"line":26,"column":18}},{"start":{"line":27,"column":8},"end":{"line":30,"column":18}},{"start":{"line":31,"column":8},"end":{"line":32,"column":24}}]},"6":{"line":41,"type":"cond-expr","locations":[{"start":{"line":41,"column":47},"end":{"line":41,"column":64}},{"start":{"line":41,"column":67},"end":{"line":41,"column":81}}]}}},"D:\\LEO\\ANDELA\\Capstone\\Master\\TEAMWORK\\server\\app.js":{"path":"D:\\LEO\\ANDELA\\Capstone\\Master\\TEAMWORK\\server\\app.js","s":{"1":1,"2":1,"3":1,"4":1,"5":1,"6":1,"7":48,"8":48,"9":48,"10":48,"11":1,"12":0,"13":1,"14":1},"b":{},"f":{},"fnMap":{},"statementMap":{"1":{"start":{"line":2,"column":0},"end":{"line":2,"column":35}},"2":{"start":{"line":3,"column":0},"end":{"line":3,"column":42}},"3":{"start":{"line":4,"column":0},"end":{"line":4,"column":47}},"4":{"start":{"line":9,"column":0},"end":{"line":9,"column":22}},"5":{"start":{"line":11,"column":0},"end":{"line":11,"column":27}},"6":{"start":{"line":12,"column":0},"end":{"line":17,"column":3}},"7":{"start":{"line":13,"column":4},"end":{"line":13,"column":54}},"8":{"start":{"line":14,"column":4},"end":{"line":14,"column":124}},"9":{"start":{"line":15,"column":4},"end":{"line":15,"column":92}},"10":{"start":{"line":16,"column":4},"end":{"line":16,"column":11}},"11":{"start":{"line":21,"column":0},"end":{"line":23,"column":3}},"12":{"start":{"line":22,"column":4},"end":{"line":22,"column":62}},"13":{"start":{"line":25,"column":0},"end":{"line":25,"column":28}},"14":{"start":{"line":29,"column":0},"end":{"line":29,"column":21}}},"branchMap":{}},"D:\\LEO\\ANDELA\\Capstone\\Master\\TEAMWORK\\server\\routes\\apiRoute.js":{"path":"D:\\LEO\\ANDELA\\Capstone\\Master\\TEAMWORK\\server\\routes\\apiRoute.js","s":{"1":1,"2":1,"3":1,"4":1,"5":1,"6":1,"7":1,"8":1,"9":1},"b":{},"f":{},"fnMap":{},"statementMap":{"1":{"start":{"line":1,"column":0},"end":{"line":1,"column":35}},"2":{"start":{"line":2,"column":0},"end":{"line":2,"column":41}},"3":{"start":{"line":3,"column":0},"end":{"line":3,"column":43}},"4":{"start":{"line":6,"column":0},"end":{"line":6,"column":34}},"5":{"start":{"line":12,"column":0},"end":{"line":12,"column":36}},"6":{"start":{"line":19,"column":0},"end":{"line":19,"column":37}},"7":{"start":{"line":24,"column":0},"end":{"line":24,"column":41}},"8":{"start":{"line":31,"column":0},"end":{"line":31,"column":37}},"9":{"start":{"line":33,"column":0},"end":{"line":33,"column":26}}},"branchMap":{}},"D:\\LEO\\ANDELA\\Capstone\\Master\\TEAMWORK\\server\\routes\\authRoute.js":{"path":"D:\\LEO\\ANDELA\\Capstone\\Master\\TEAMWORK\\server\\routes\\authRoute.js","s":{"1":1,"2":1,"3":1,"4":1,"5":1,"6":1,"7":1,"8":1,"9":1,"10":1,"11":1,"12":1,"13":1,"14":1,"15":1,"16":1,"17":1,"18":1,"19":0,"20":0,"21":0,"22":1,"23":2,"24":2,"25":2,"26":2,"27":1,"28":1,"29":1,"30":0,"31":0,"32":1,"33":2,"34":2,"35":0,"36":0,"37":2,"38":1,"39":1,"40":1,"41":1,"42":1,"43":1,"44":1,"45":0,"46":1},"b":{"1":[1,0],"2":[1,1],"3":[0,2],"4":[1,1]},"f":{},"fnMap":{},"statementMap":{"1":{"start":{"line":1,"column":0},"end":{"line":1,"column":35}},"2":{"start":{"line":2,"column":0},"end":{"line":2,"column":33}},"3":{"start":{"line":3,"column":0},"end":{"line":3,"column":36}},"4":{"start":{"line":4,"column":0},"end":{"line":4,"column":68}},"5":{"start":{"line":5,"column":0},"end":{"line":5,"column":57}},"6":{"start":{"line":6,"column":0},"end":{"line":6,"column":43}},"7":{"start":{"line":7,"column":0},"end":{"line":7,"column":53}},"8":{"start":{"line":9,"column":0},"end":{"line":9,"column":36}},"9":{"start":{"line":12,"column":0},"end":{"line":12,"column":41}},"10":{"start":{"line":14,"column":0},"end":{"line":38,"column":3}},"11":{"start":{"line":15,"column":4},"end":{"line":36,"column":5}},"12":{"start":{"line":16,"column":8},"end":{"line":16,"column":30}},"13":{"start":{"line":17,"column":8},"end":{"line":21,"column":6}},"14":{"start":{"line":19,"column":16},"end":{"line":19,"column":37}},"15":{"start":{"line":22,"column":4},"end":{"line":31,"column":6}},"16":{"start":{"line":23,"column":8},"end":{"line":26,"column":9}},"17":{"start":{"line":24,"column":12},"end":{"line":24,"column":105}},"18":{"start":{"line":25,"column":12},"end":{"line":25,"column":26}},"19":{"start":{"line":27,"column":8},"end":{"line":27,"column":98}},"20":{"start":{"line":30,"column":8},"end":{"line":30,"column":99}},"21":{"start":{"line":35,"column":8},"end":{"line":35,"column":95}},"22":{"start":{"line":41,"column":0},"end":{"line":66,"column":3}},"23":{"start":{"line":42,"column":4},"end":{"line":65,"column":5}},"24":{"start":{"line":44,"column":8},"end":{"line":44,"column":29}},"25":{"start":{"line":46,"column":8},"end":{"line":61,"column":14}},"26":{"start":{"line":49,"column":12},"end":{"line":52,"column":13}},"27":{"start":{"line":51,"column":15},"end":{"line":51,"column":110}},"28":{"start":{"line":54,"column":16},"end":{"line":54,"column":110}},"29":{"start":{"line":55,"column":16},"end":{"line":55,"column":30}},"30":{"start":{"line":59,"column":16},"end":{"line":59,"column":101}},"31":{"start":{"line":64,"column":7},"end":{"line":64,"column":92}},"32":{"start":{"line":68,"column":0},"end":{"line":90,"column":3}},"33":{"start":{"line":70,"column":0},"end":{"line":89,"column":6}},"34":{"start":{"line":71,"column":8},"end":{"line":74,"column":9}},"35":{"start":{"line":72,"column":12},"end":{"line":72,"column":42}},"36":{"start":{"line":73,"column":12},"end":{"line":73,"column":102}},"37":{"start":{"line":75,"column":8},"end":{"line":85,"column":9}},"38":{"start":{"line":76,"column":12},"end":{"line":79,"column":38}},"39":{"start":{"line":80,"column":12},"end":{"line":80,"column":33}},"40":{"start":{"line":81,"column":12},"end":{"line":81,"column":39}},"41":{"start":{"line":82,"column":12},"end":{"line":82,"column":36}},"42":{"start":{"line":83,"column":12},"end":{"line":83,"column":105}},"43":{"start":{"line":84,"column":12},"end":{"line":84,"column":26}},"44":{"start":{"line":86,"column":4},"end":{"line":86,"column":95}},"45":{"start":{"line":88,"column":8},"end":{"line":88,"column":94}},"46":{"start":{"line":91,"column":0},"end":{"line":91,"column":28}}},"branchMap":{"1":{"line":23,"type":"if","locations":[{"start":{"line":23,"column":8},"end":{"line":23,"column":8}},{"start":{"line":23,"column":8},"end":{"line":23,"column":8}}]},"2":{"line":49,"type":"if","locations":[{"start":{"line":49,"column":12},"end":{"line":49,"column":12}},{"start":{"line":49,"column":12},"end":{"line":49,"column":12}}]},"3":{"line":71,"type":"if","locations":[{"start":{"line":71,"column":8},"end":{"line":71,"column":8}},{"start":{"line":71,"column":8},"end":{"line":71,"column":8}}]},"4":{"line":75,"type":"if","locations":[{"start":{"line":75,"column":8},"end":{"line":75,"column":8}},{"start":{"line":75,"column":8},"end":{"line":75,"column":8}}]}}},"D:\\LEO\\ANDELA\\Capstone\\Master\\TEAMWORK\\server\\middleware\\utilityCore.js":{"path":"D:\\LEO\\ANDELA\\Capstone\\Master\\TEAMWORK\\server\\middleware\\utilityCore.js","s":{"1":1,"2":48,"3":9,"4":18,"5":0,"6":0,"7":0,"8":4,"9":0,"10":13,"11":0,"12":4,"13":1,"14":48,"15":48,"16":48,"17":48,"18":31,"19":17,"20":48,"21":10,"22":48,"23":0,"24":1},"b":{"1":[9,18,0,0,0,4,0,13,0,4],"2":[31,17],"3":[48,48],"4":[10,38],"5":[48,48]},"f":{},"fnMap":{},"statementMap":{"1":{"start":{"line":3,"column":0},"end":{"line":26,"column":1}},"2":{"start":{"line":4,"column":4},"end":{"line":25,"column":5}},"3":{"start":{"line":6,"column":12},"end":{"line":6,"column":24}},"4":{"start":{"line":8,"column":12},"end":{"line":8,"column":29}},"5":{"start":{"line":10,"column":12},"end":{"line":10,"column":30}},"6":{"start":{"line":12,"column":12},"end":{"line":12,"column":41}},"7":{"start":{"line":14,"column":12},"end":{"line":14,"column":33}},"8":{"start":{"line":16,"column":12},"end":{"line":16,"column":34}},"9":{"start":{"line":18,"column":12},"end":{"line":18,"column":31}},"10":{"start":{"line":20,"column":12},"end":{"line":20,"column":31}},"11":{"start":{"line":22,"column":12},"end":{"line":22,"column":43}},"12":{"start":{"line":24,"column":12},"end":{"line":24,"column":27}},"13":{"start":{"line":28,"column":0},"end":{"line":50,"column":1}},"14":{"start":{"line":29,"column":0},"end":{"line":49,"column":1}},"15":{"start":{"line":31,"column":4},"end":{"line":31,"column":22}},"16":{"start":{"line":32,"column":4},"end":{"line":32,"column":50}},"17":{"start":{"line":33,"column":4},"end":{"line":37,"column":5}},"18":{"start":{"line":34,"column":8},"end":{"line":34,"column":29}},"19":{"start":{"line":36,"column":8},"end":{"line":36,"column":26}},"20":{"start":{"line":39,"column":4},"end":{"line":42,"column":5}},"21":{"start":{"line":41,"column":8},"end":{"line":41,"column":31}},"22":{"start":{"line":45,"column":4},"end":{"line":45,"column":18}},"23":{"start":{"line":48,"column":4},"end":{"line":48,"column":105}},"24":{"start":{"line":52,"column":0},"end":{"line":52,"column":35}}},"branchMap":{"1":{"line":4,"type":"switch","locations":[{"start":{"line":5,"column":8},"end":{"line":6,"column":24}},{"start":{"line":7,"column":8},"end":{"line":8,"column":29}},{"start":{"line":9,"column":8},"end":{"line":10,"column":30}},{"start":{"line":11,"column":8},"end":{"line":12,"column":41}},{"start":{"line":13,"column":8},"end":{"line":14,"column":33}},{"start":{"line":15,"column":8},"end":{"line":16,"column":34}},{"start":{"line":17,"column":8},"end":{"line":18,"column":31}},{"start":{"line":19,"column":8},"end":{"line":20,"column":31}},{"start":{"line":21,"column":8},"end":{"line":22,"column":43}},{"start":{"line":23,"column":8},"end":{"line":24,"column":27}}]},"2":{"line":33,"type":"if","locations":[{"start":{"line":33,"column":4},"end":{"line":33,"column":4}},{"start":{"line":33,"column":4},"end":{"line":33,"column":4}}]},"3":{"line":33,"type":"binary-expr","locations":[{"start":{"line":33,"column":8},"end":{"line":33,"column":25}},{"start":{"line":33,"column":29},"end":{"line":33,"column":45}}]},"4":{"line":39,"type":"if","locations":[{"start":{"line":39,"column":4},"end":{"line":39,"column":4}},{"start":{"line":39,"column":4},"end":{"line":39,"column":4}}]},"5":{"line":39,"type":"binary-expr","locations":[{"start":{"line":39,"column":8},"end":{"line":39,"column":16}},{"start":{"line":39,"column":20},"end":{"line":39,"column":55}}]}}},"D:\\LEO\\ANDELA\\Capstone\\Master\\TEAMWORK\\server\\middleware\\auth.js":{"path":"D:\\LEO\\ANDELA\\Capstone\\Master\\TEAMWORK\\server\\middleware\\auth.js","s":{"1":1,"2":1,"3":1,"4":38,"5":38,"6":38,"7":38,"8":38,"9":38,"10":0,"11":38,"12":0},"b":{"1":[38,0],"2":[0,38]},"f":{},"fnMap":{},"statementMap":{"1":{"start":{"line":1,"column":0},"end":{"line":1,"column":36}},"2":{"start":{"line":2,"column":0},"end":{"line":2,"column":45}},"3":{"start":{"line":4,"column":0},"end":{"line":20,"column":2}},"4":{"start":{"line":5,"column":4},"end":{"line":19,"column":5}},"5":{"start":{"line":6,"column":8},"end":{"line":16,"column":9}},"6":{"start":{"line":7,"column":12},"end":{"line":7,"column":66}},"7":{"start":{"line":8,"column":12},"end":{"line":8,"column":77}},"8":{"start":{"line":9,"column":12},"end":{"line":9,"column":42}},"9":{"start":{"line":11,"column":12},"end":{"line":14,"column":17}},"10":{"start":{"line":13,"column":16},"end":{"line":13,"column":111}},"11":{"start":{"line":15,"column":12},"end":{"line":15,"column":26}},"12":{"start":{"line":18,"column":8},"end":{"line":18,"column":93}}},"branchMap":{"1":{"line":6,"type":"if","locations":[{"start":{"line":6,"column":8},"end":{"line":6,"column":8}},{"start":{"line":6,"column":8},"end":{"line":6,"column":8}}]},"2":{"line":11,"type":"if","locations":[{"start":{"line":11,"column":12},"end":{"line":11,"column":12}},{"start":{"line":11,"column":12},"end":{"line":11,"column":12}}]}}},"D:\\LEO\\ANDELA\\Capstone\\Master\\TEAMWORK\\server\\middleware\\adminAuth.js":{"path":"D:\\LEO\\ANDELA\\Capstone\\Master\\TEAMWORK\\server\\middleware\\adminAuth.js","s":{"1":1,"2":1,"3":1,"4":1,"5":6,"6":6,"7":6,"8":6,"9":5,"10":5,"11":0,"12":5,"13":5,"14":3,"15":2,"16":0,"17":1},"b":{"1":[6,0],"2":[0,5],"3":[3,2],"4":[5,3]},"f":{},"fnMap":{},"statementMap":{"1":{"start":{"line":1,"column":0},"end":{"line":1,"column":36}},"2":{"start":{"line":2,"column":0},"end":{"line":2,"column":45}},"3":{"start":{"line":3,"column":0},"end":{"line":3,"column":71}},"4":{"start":{"line":5,"column":0},"end":{"line":38,"column":2}},"5":{"start":{"line":6,"column":4},"end":{"line":37,"column":5}},"6":{"start":{"line":7,"column":8},"end":{"line":31,"column":9}},"7":{"start":{"line":8,"column":12},"end":{"line":8,"column":66}},"8":{"start":{"line":9,"column":12},"end":{"line":9,"column":77}},"9":{"start":{"line":10,"column":12},"end":{"line":10,"column":44}},"10":{"start":{"line":13,"column":12},"end":{"line":16,"column":13}},"11":{"start":{"line":15,"column":16},"end":{"line":15,"column":116}},"12":{"start":{"line":18,"column":12},"end":{"line":30,"column":14}},"13":{"start":{"line":23,"column":20},"end":{"line":25,"column":21}},"14":{"start":{"line":24,"column":24},"end":{"line":24,"column":38}},"15":{"start":{"line":26,"column":24},"end":{"line":26,"column":121}},"16":{"start":{"line":29,"column":16},"end":{"line":29,"column":103}},"17":{"start":{"line":36,"column":8},"end":{"line":36,"column":97}}},"branchMap":{"1":{"line":7,"type":"if","locations":[{"start":{"line":7,"column":8},"end":{"line":7,"column":8}},{"start":{"line":7,"column":8},"end":{"line":7,"column":8}}]},"2":{"line":13,"type":"if","locations":[{"start":{"line":13,"column":12},"end":{"line":13,"column":12}},{"start":{"line":13,"column":12},"end":{"line":13,"column":12}}]},"3":{"line":23,"type":"if","locations":[{"start":{"line":23,"column":20},"end":{"line":23,"column":20}},{"start":{"line":23,"column":20},"end":{"line":23,"column":20}}]},"4":{"line":23,"type":"binary-expr","locations":[{"start":{"line":23,"column":24},"end":{"line":23,"column":28}},{"start":{"line":23,"column":32},"end":{"line":23,"column":49}}]}}},"D:\\LEO\\ANDELA\\Capstone\\Master\\TEAMWORK\\server\\routes\\postsRoute.js":{"path":"D:\\LEO\\ANDELA\\Capstone\\Master\\TEAMWORK\\server\\routes\\postsRoute.js","s":{"1":1,"2":1,"3":1,"4":1,"5":1,"6":1,"7":1,"8":2,"9":2,"10":2,"11":0,"12":1,"13":2,"14":2,"15":2,"16":0,"17":2,"18":0,"19":1,"20":3,"21":3,"22":1,"23":2,"24":3,"25":0,"26":1,"27":3,"28":3,"29":1,"30":2,"31":3,"32":0,"33":1,"34":5,"35":5,"36":1,"37":4,"38":4,"39":0,"40":1,"41":3,"42":3,"43":1,"44":2,"45":3,"46":0,"47":1,"48":1},"b":{"1":[2,0],"2":[1,2],"3":[1,2],"4":[1,4],"5":[1,2]},"f":{},"fnMap":{},"statementMap":{"1":{"start":{"line":1,"column":0},"end":{"line":1,"column":35}},"2":{"start":{"line":2,"column":0},"end":{"line":2,"column":71}},"3":{"start":{"line":3,"column":0},"end":{"line":3,"column":49}},"4":{"start":{"line":4,"column":0},"end":{"line":4,"column":57}},"5":{"start":{"line":5,"column":0},"end":{"line":5,"column":43}},"6":{"start":{"line":7,"column":0},"end":{"line":7,"column":36}},"7":{"start":{"line":10,"column":0},"end":{"line":22,"column":3}},"8":{"start":{"line":12,"column":4},"end":{"line":21,"column":7}},"9":{"start":{"line":14,"column":12},"end":{"line":14,"column":105}},"10":{"start":{"line":15,"column":12},"end":{"line":15,"column":19}},"11":{"start":{"line":20,"column":8},"end":{"line":20,"column":94}},"12":{"start":{"line":24,"column":0},"end":{"line":38,"column":3}},"13":{"start":{"line":26,"column":4},"end":{"line":36,"column":7}},"14":{"start":{"line":27,"column":8},"end":{"line":31,"column":9}},"15":{"start":{"line":28,"column":12},"end":{"line":28,"column":92}},"16":{"start":{"line":30,"column":12},"end":{"line":30,"column":87}},"17":{"start":{"line":32,"column":8},"end":{"line":32,"column":15}},"18":{"start":{"line":35,"column":8},"end":{"line":35,"column":87}},"19":{"start":{"line":40,"column":0},"end":{"line":55,"column":3}},"20":{"start":{"line":42,"column":4},"end":{"line":51,"column":7}},"21":{"start":{"line":43,"column":8},"end":{"line":47,"column":9}},"22":{"start":{"line":44,"column":12},"end":{"line":44,"column":92}},"23":{"start":{"line":46,"column":12},"end":{"line":46,"column":106}},"24":{"start":{"line":48,"column":8},"end":{"line":48,"column":15}},"25":{"start":{"line":50,"column":8},"end":{"line":50,"column":87}},"26":{"start":{"line":57,"column":0},"end":{"line":72,"column":3}},"27":{"start":{"line":59,"column":4},"end":{"line":69,"column":7}},"28":{"start":{"line":60,"column":8},"end":{"line":64,"column":9}},"29":{"start":{"line":61,"column":12},"end":{"line":61,"column":92}},"30":{"start":{"line":63,"column":12},"end":{"line":63,"column":106}},"31":{"start":{"line":65,"column":8},"end":{"line":65,"column":15}},"32":{"start":{"line":68,"column":8},"end":{"line":68,"column":87}},"33":{"start":{"line":74,"column":0},"end":{"line":87,"column":3}},"34":{"start":{"line":76,"column":4},"end":{"line":86,"column":11}},"35":{"start":{"line":77,"column":8},"end":{"line":82,"column":9}},"36":{"start":{"line":78,"column":12},"end":{"line":78,"column":92}},"37":{"start":{"line":80,"column":12},"end":{"line":80,"column":97}},"38":{"start":{"line":81,"column":8},"end":{"line":81,"column":15}},"39":{"start":{"line":85,"column":12},"end":{"line":85,"column":91}},"40":{"start":{"line":89,"column":0},"end":{"line":103,"column":3}},"41":{"start":{"line":91,"column":4},"end":{"line":101,"column":11}},"42":{"start":{"line":92,"column":8},"end":{"line":96,"column":9}},"43":{"start":{"line":93,"column":12},"end":{"line":93,"column":92}},"44":{"start":{"line":95,"column":12},"end":{"line":95,"column":98}},"45":{"start":{"line":97,"column":8},"end":{"line":97,"column":15}},"46":{"start":{"line":100,"column":12},"end":{"line":100,"column":91}},"47":{"start":{"line":105,"column":0},"end":{"line":105,"column":51}},"48":{"start":{"line":108,"column":0},"end":{"line":108,"column":28}}},"branchMap":{"1":{"line":27,"type":"if","locations":[{"start":{"line":27,"column":8},"end":{"line":27,"column":8}},{"start":{"line":27,"column":8},"end":{"line":27,"column":8}}]},"2":{"line":43,"type":"if","locations":[{"start":{"line":43,"column":8},"end":{"line":43,"column":8}},{"start":{"line":43,"column":8},"end":{"line":43,"column":8}}]},"3":{"line":60,"type":"if","locations":[{"start":{"line":60,"column":8},"end":{"line":60,"column":8}},{"start":{"line":60,"column":8},"end":{"line":60,"column":8}}]},"4":{"line":77,"type":"if","locations":[{"start":{"line":77,"column":8},"end":{"line":77,"column":8}},{"start":{"line":77,"column":8},"end":{"line":77,"column":8}}]},"5":{"line":92,"type":"if","locations":[{"start":{"line":92,"column":8},"end":{"line":92,"column":8}},{"start":{"line":92,"column":8},"end":{"line":92,"column":8}}]}}},"D:\\LEO\\ANDELA\\Capstone\\Master\\TEAMWORK\\server\\routes\\commentsRoute.js":{"path":"D:\\LEO\\ANDELA\\Capstone\\Master\\TEAMWORK\\server\\routes\\commentsRoute.js","s":{"1":1,"2":1,"3":1,"4":1,"5":1,"6":1,"7":2,"8":2,"9":2,"10":0,"11":1,"12":4,"13":4,"14":2,"15":2,"16":2,"17":0,"18":1,"19":2,"20":2,"21":2,"22":2,"23":0,"24":2,"25":0,"26":1,"27":4,"28":4,"29":2,"30":2,"31":4,"32":0,"33":1,"34":4,"35":4,"36":2,"37":2,"38":2,"39":0,"40":1,"41":6,"42":6,"43":2,"44":4,"45":4,"46":0,"47":1},"b":{"1":[2,2],"2":[2,0],"3":[2,2],"4":[2,2],"5":[2,4]},"f":{},"fnMap":{},"statementMap":{"1":{"start":{"line":1,"column":0},"end":{"line":1,"column":35}},"2":{"start":{"line":2,"column":0},"end":{"line":2,"column":77}},"3":{"start":{"line":3,"column":0},"end":{"line":3,"column":57}},"4":{"start":{"line":4,"column":0},"end":{"line":4,"column":43}},"5":{"start":{"line":6,"column":0},"end":{"line":6,"column":59}},"6":{"start":{"line":8,"column":0},"end":{"line":15,"column":3}},"7":{"start":{"line":9,"column":4},"end":{"line":14,"column":7}},"8":{"start":{"line":10,"column":8},"end":{"line":10,"column":111}},"9":{"start":{"line":11,"column":8},"end":{"line":11,"column":15}},"10":{"start":{"line":13,"column":8},"end":{"line":13,"column":87}},"11":{"start":{"line":18,"column":0},"end":{"line":33,"column":3}},"12":{"start":{"line":19,"column":4},"end":{"line":28,"column":7}},"13":{"start":{"line":20,"column":8},"end":{"line":25,"column":9}},"14":{"start":{"line":21,"column":12},"end":{"line":21,"column":99}},"15":{"start":{"line":23,"column":12},"end":{"line":23,"column":109}},"16":{"start":{"line":24,"column":12},"end":{"line":24,"column":19}},"17":{"start":{"line":27,"column":8},"end":{"line":27,"column":87}},"18":{"start":{"line":36,"column":0},"end":{"line":54,"column":3}},"19":{"start":{"line":38,"column":4},"end":{"line":38,"column":29}},"20":{"start":{"line":41,"column":4},"end":{"line":53,"column":7}},"21":{"start":{"line":42,"column":8},"end":{"line":47,"column":9}},"22":{"start":{"line":43,"column":12},"end":{"line":43,"column":99}},"23":{"start":{"line":46,"column":12},"end":{"line":46,"column":106}},"24":{"start":{"line":48,"column":8},"end":{"line":48,"column":15}},"25":{"start":{"line":52,"column":8},"end":{"line":52,"column":87}},"26":{"start":{"line":57,"column":0},"end":{"line":71,"column":3}},"27":{"start":{"line":59,"column":4},"end":{"line":70,"column":11}},"28":{"start":{"line":60,"column":8},"end":{"line":64,"column":9}},"29":{"start":{"line":61,"column":12},"end":{"line":61,"column":99}},"30":{"start":{"line":63,"column":12},"end":{"line":63,"column":100}},"31":{"start":{"line":65,"column":8},"end":{"line":65,"column":15}},"32":{"start":{"line":69,"column":12},"end":{"line":69,"column":92}},"33":{"start":{"line":74,"column":0},"end":{"line":88,"column":3}},"34":{"start":{"line":76,"column":4},"end":{"line":86,"column":11}},"35":{"start":{"line":77,"column":8},"end":{"line":82,"column":9}},"36":{"start":{"line":78,"column":12},"end":{"line":78,"column":97}},"37":{"start":{"line":80,"column":12},"end":{"line":80,"column":101}},"38":{"start":{"line":81,"column":12},"end":{"line":81,"column":19}},"39":{"start":{"line":85,"column":12},"end":{"line":85,"column":91}},"40":{"start":{"line":90,"column":0},"end":{"line":105,"column":3}},"41":{"start":{"line":92,"column":4},"end":{"line":103,"column":11}},"42":{"start":{"line":93,"column":8},"end":{"line":98,"column":9}},"43":{"start":{"line":94,"column":12},"end":{"line":94,"column":94}},"44":{"start":{"line":96,"column":12},"end":{"line":96,"column":100}},"45":{"start":{"line":97,"column":12},"end":{"line":97,"column":19}},"46":{"start":{"line":102,"column":12},"end":{"line":102,"column":91}},"47":{"start":{"line":107,"column":0},"end":{"line":107,"column":32}}},"branchMap":{"1":{"line":20,"type":"if","locations":[{"start":{"line":20,"column":8},"end":{"line":20,"column":8}},{"start":{"line":20,"column":8},"end":{"line":20,"column":8}}]},"2":{"line":42,"type":"if","locations":[{"start":{"line":42,"column":8},"end":{"line":42,"column":8}},{"start":{"line":42,"column":8},"end":{"line":42,"column":8}}]},"3":{"line":60,"type":"if","locations":[{"start":{"line":60,"column":8},"end":{"line":60,"column":8}},{"start":{"line":60,"column":8},"end":{"line":60,"column":8}}]},"4":{"line":77,"type":"if","locations":[{"start":{"line":77,"column":8},"end":{"line":77,"column":8}},{"start":{"line":77,"column":8},"end":{"line":77,"column":8}}]},"5":{"line":93,"type":"if","locations":[{"start":{"line":93,"column":8},"end":{"line":93,"column":8}},{"start":{"line":93,"column":8},"end":{"line":93,"column":8}}]}}}}