TN:
SF:D:\LEO\ANDELA\Capstone\Master\TEAMWORK\server\server.js
FNF:0
FNH:0
DA:1,1
DA:2,1
DA:4,1
DA:6,1
DA:7,1
DA:8,1
DA:9,1
DA:11,0
DA:13,1
DA:14,1
DA:16,1
DA:17,0
DA:18,0
DA:20,0
DA:21,0
DA:22,0
DA:24,0
DA:25,0
DA:26,0
DA:28,0
DA:29,0
DA:30,0
DA:32,0
DA:38,1
DA:39,1
DA:40,1
DA:41,1
DA:42,1
DA:46,1
DA:47,0
DA:50,1
DA:57,1
LF:32
LH:18
BRDA:8,1,0,1
BRDA:8,1,1,0
BRDA:13,2,0,1
BRDA:13,2,1,1
BRDA:17,3,0,0
BRDA:17,3,1,0
BRDA:21,4,0,0
BRDA:21,4,1,0
BRDA:22,5,0,0
BRDA:22,5,1,0
BRDA:22,5,2,0
BRDA:41,6,0,0
BRDA:41,6,1,1
BRF:13
BRH:4
end_of_record
TN:
SF:D:\LEO\ANDELA\Capstone\Master\TEAMWORK\server\app.js
FNF:0
FNH:0
DA:2,1
DA:3,1
DA:4,1
DA:9,1
DA:11,1
DA:12,1
DA:13,32
DA:14,32
DA:15,32
DA:16,32
DA:21,1
DA:22,0
DA:25,1
DA:29,1
LF:14
LH:13
BRF:0
BRH:0
end_of_record
TN:
SF:D:\LEO\ANDELA\Capstone\Master\TEAMWORK\server\routes\apiRoute.js
FNF:0
FNH:0
DA:1,1
DA:2,1
DA:3,1
DA:6,1
DA:12,1
DA:19,1
DA:24,1
DA:31,1
DA:33,1
LF:9
LH:9
BRF:0
BRH:0
end_of_record
TN:
SF:D:\LEO\ANDELA\Capstone\Master\TEAMWORK\server\routes\authRoute.js
FNF:0
FNH:0
DA:1,1
DA:2,1
DA:3,1
DA:4,1
DA:5,1
DA:6,1
DA:7,1
DA:9,1
DA:29,1
DA:30,1
DA:31,1
DA:33,0
DA:36,1
DA:37,1
DA:39,1
DA:43,1
DA:44,1
DA:45,1
DA:46,1
DA:48,1
DA:50,1
DA:53,1
DA:56,6
DA:58,2
DA:60,0
DA:65,2
DA:66,1
DA:70,1
DA:71,1
DA:72,1
DA:73,1
DA:78,1
DA:82,2
DA:83,2
DA:89,1
LF:35
LH:33
BRDA:58,1,0,0
BRDA:58,1,1,2
BRDA:65,2,0,1
BRDA:65,2,1,1
BRF:4
BRH:3
end_of_record
TN:
SF:D:\LEO\ANDELA\Capstone\Master\TEAMWORK\server\model\users.js
FNF:0
FNH:0
DA:3,1
DA:44,1
LF:2
LH:2
BRF:0
BRH:0
end_of_record
TN:
SF:D:\LEO\ANDELA\Capstone\Master\TEAMWORK\server\middleware\utilityFunc.js
FNF:0
FNH:0
DA:3,1
DA:4,32
DA:6,7
DA:8,19
DA:10,0
DA:12,0
DA:14,0
DA:16,2
DA:18,0
DA:20,0
DA:22,0
DA:24,4
DA:27,1
DA:28,32
DA:29,32
DA:30,32
DA:31,30
DA:33,32
DA:34,32
DA:39,1
DA:41,32
DA:42,32
DA:44,32
DA:45,32
DA:47,32
DA:48,10
DA:50,32
DA:62,32
DA:65,1
DA:66,10
DA:67,10
DA:68,10
DA:71,1
LF:33
LH:27
BRDA:4,1,0,7
BRDA:4,1,1,19
BRDA:4,1,2,0
BRDA:4,1,3,0
BRDA:4,1,4,0
BRDA:4,1,5,2
BRDA:4,1,6,0
BRDA:4,1,7,0
BRDA:4,1,8,0
BRDA:4,1,9,4
BRDA:30,2,0,30
BRDA:30,2,1,2
BRDA:30,3,0,32
BRDA:30,3,1,32
BRDA:47,4,0,10
BRDA:47,4,1,22
BRF:16
BRH:10
end_of_record
TN:
SF:D:\LEO\ANDELA\Capstone\Master\TEAMWORK\server\middleware\auth.js
FNF:0
FNH:0
DA:1,1
DA:2,1
DA:4,1
DA:5,27
DA:6,27
DA:7,27
DA:8,27
DA:9,27
DA:11,27
DA:13,0
DA:15,27
DA:21,0
LF:12
LH:10
BRDA:6,1,0,27
BRDA:6,1,1,0
BRDA:11,2,0,0
BRDA:11,2,1,27
BRF:4
BRH:2
end_of_record
TN:
SF:D:\LEO\ANDELA\Capstone\Master\TEAMWORK\server\middleware\adminAuth.js
FNF:0
FNH:0
DA:1,1
DA:2,1
DA:3,1
DA:5,1
DA:6,2
DA:7,2
DA:8,2
DA:9,2
DA:10,2
DA:11,2
DA:13,2
DA:15,1
DA:17,1
DA:23,0
LF:14
LH:13
BRDA:7,1,0,2
BRDA:7,1,1,0
BRDA:13,2,0,1
BRDA:13,2,1,1
BRDA:13,3,0,2
BRDA:13,3,1,2
BRF:6
BRH:5
end_of_record
TN:
SF:D:\LEO\ANDELA\Capstone\Master\TEAMWORK\server\routes\postsRoute.js
FNF:0
FNH:0
DA:1,1
DA:2,1
DA:3,1
DA:4,1
DA:5,1
DA:7,1
DA:10,1
DA:12,1
DA:13,1
DA:15,1
DA:18,1
DA:20,2
DA:21,2
DA:23,2
DA:26,1
DA:28,2
DA:29,2
DA:30,0
DA:32,2
DA:35,2
DA:38,1
DA:40,2
DA:41,2
DA:42,12
DA:44,2
DA:46,2
DA:49,1
DA:51,4
DA:53,4
DA:54,2
DA:55,1
DA:58,7
DA:61,4
DA:63,4
DA:66,1
DA:68,7
DA:70,2
DA:71,2
DA:74,1
DA:77,1
LF:40
LH:39
BRDA:29,1,0,0
BRDA:29,1,1,2
BRDA:53,2,0,2
BRDA:53,2,1,2
BRDA:54,3,0,1
BRDA:54,3,1,1
BRF:6
BRH:5
end_of_record
TN:
SF:D:\LEO\ANDELA\Capstone\Master\TEAMWORK\server\model\posts.js
FNF:0
FNH:0
DA:3,1
DA:33,1
LF:2
LH:2
BRF:0
BRH:0
end_of_record
TN:
SF:D:\LEO\ANDELA\Capstone\Master\TEAMWORK\server\routes\commentsRoute.js
FNF:0
FNH:0
DA:1,1
DA:2,1
DA:3,1
DA:4,1
DA:6,1
DA:8,1
DA:9,13
DA:10,2
DA:11,2
DA:15,1
DA:17,2
DA:18,2
DA:19,2
DA:23,1
DA:25,2
DA:26,2
DA:27,2
DA:28,2
DA:30,2
DA:34,1
DA:36,2
DA:37,2
DA:38,10
DA:40,2
DA:42,2
DA:46,1
DA:48,13
DA:49,2
DA:50,2
DA:54,1
DA:56,4
DA:58,4
DA:59,2
DA:60,1
DA:63,8
DA:66,4
DA:68,4
DA:71,1
LF:38
LH:38
BRDA:58,1,0,2
BRDA:58,1,1,2
BRDA:59,2,0,1
BRDA:59,2,1,1
BRF:4
BRH:4
end_of_record
TN:
SF:D:\LEO\ANDELA\Capstone\Master\TEAMWORK\server\model\comments.js
FNF:0
FNH:0
DA:1,1
DA:61,1
LF:2
LH:2
BRF:0
BRH:0
end_of_record
