TN:
SF:D:\LEO\ANDELA\Capstone\Master\TEAMWORK\spec\api.spec.js
FNF:0
FNH:0
DA:1,1
DA:2,1
DA:3,1
DA:4,1
DA:5,1
DA:6,1
DA:20,1
DA:21,1
DA:22,1
DA:23,1
DA:24,1
DA:25,1
DA:26,1
DA:27,1
DA:28,1
DA:29,1
DA:30,1
DA:44,1
DA:45,0
DA:47,0
DA:49,0
DA:51,0
DA:53,0
DA:55,0
DA:57,0
DA:59,0
DA:61,0
DA:71,1
DA:72,48
DA:73,0
DA:81,1
DA:83,44
DA:87,44
DA:88,44
DA:92,1
DA:93,48
DA:94,48
DA:95,48
DA:96,37
DA:97,37
DA:98,0
DA:99,0
DA:103,48
DA:104,7
DA:105,7
DA:106,0
DA:107,0
DA:111,48
DA:112,1
DA:113,1
DA:116,48
DA:117,3
DA:118,3
DA:122,1
DA:123,48
DA:124,48
DA:131,48
DA:133,48
DA:139,48
DA:142,1
DA:143,0
DA:144,0
DA:145,0
DA:149,1
DA:151,0
DA:152,0
DA:153,0
DA:154,0
DA:159,1
DA:161,0
DA:162,0
DA:163,0
DA:164,0
DA:169,0
DA:173,1
DA:175,4
DA:176,4
DA:177,4
DA:178,4
DA:179,4
DA:180,4
DA:181,4
DA:183,4
DA:187,4
DA:188,4
DA:189,4
DA:201,4
DA:202,4
DA:214,4
DA:215,4
DA:216,4
DA:217,4
DA:218,32
DA:222,0
DA:223,0
DA:224,0
DA:225,0
DA:233,1
DA:234,7
DA:235,7
DA:236,7
DA:237,7
DA:238,7
DA:239,7
DA:240,7
DA:241,7
DA:242,7
DA:246,7
DA:247,7
DA:258,7
DA:259,4
DA:260,4
DA:261,4
DA:262,32
DA:266,3
DA:267,3
DA:268,3
DA:269,3
DA:279,1
DA:280,8
DA:281,8
DA:282,8
DA:283,8
DA:284,8
DA:285,8
DA:286,8
DA:288,8
DA:292,8
DA:293,8
DA:294,8
DA:297,8
DA:298,8
DA:302,8
DA:303,1
DA:304,1
DA:305,1
DA:306,2
DA:310,7
DA:311,7
DA:312,7
DA:313,7
DA:322,1
DA:323,22
DA:324,22
DA:325,22
DA:326,22
DA:327,22
DA:328,22
DA:329,22
DA:330,22
DA:334,22
DA:335,22
DA:336,22
DA:339,22
DA:340,22
DA:343,22
DA:344,0
DA:345,0
DA:346,0
DA:347,0
DA:351,22
DA:352,22
DA:353,22
DA:354,22
DA:361,1
DA:362,7
DA:363,7
DA:364,7
DA:365,7
DA:366,7
DA:367,7
DA:368,7
DA:369,7
DA:370,7
DA:374,7
DA:375,7
DA:378,7
DA:379,7
DA:380,7
DA:381,7
DA:392,1
DA:404,1
DA:424,1
DA:438,1
DA:450,1
DA:470,1
DA:482,1
DA:494,1
DA:513,1
DA:519,1
DA:527,1
DA:533,1
DA:548,1
DA:563,1
DA:572,1
DA:581,1
DA:589,1
DA:596,1
DA:612,1
DA:619,1
DA:634,1
DA:640,1
DA:646,1
DA:659,1
DA:673,1
DA:679,1
DA:690,1
DA:704,1
DA:711,1
DA:726,1
DA:733,1
DA:750,1
DA:766,1
DA:773,1
DA:779,1
DA:794,1
DA:803,1
DA:818,1
DA:824,1
DA:830,1
DA:843,1
DA:857,1
DA:863,1
DA:873,1
DA:886,1
DA:893,1
DA:908,1
DA:915,1
LF:228
LH:194
BRDA:45,1,0,0
BRDA:45,1,1,0
BRDA:45,1,2,0
BRDA:45,1,3,0
BRDA:45,1,4,0
BRDA:45,1,5,0
BRDA:45,1,6,0
BRDA:45,1,7,0
BRDA:72,2,0,0
BRDA:72,2,1,48
BRDA:95,3,0,37
BRDA:95,3,1,11
BRDA:97,4,0,0
BRDA:97,4,1,37
BRDA:103,5,0,7
BRDA:103,5,1,41
BRDA:105,6,0,0
BRDA:105,6,1,7
BRDA:111,7,0,1
BRDA:111,7,1,47
BRDA:116,8,0,3
BRDA:116,8,1,45
BRDA:162,9,0,0
BRDA:162,9,1,0
BRDA:214,10,0,4
BRDA:214,10,1,0
BRDA:258,11,0,4
BRDA:258,11,1,3
BRDA:302,12,0,1
BRDA:302,12,1,7
BRDA:343,13,0,0
BRDA:343,13,1,22
BRF:32
BRH:17
end_of_record
TN:
SF:D:\LEO\ANDELA\Capstone\Master\TEAMWORK\server\controller\userController.js
FNF:0
FNH:0
DA:1,1
DA:3,1
DA:5,1
DA:8,1
LF:4
LH:4
BRF:0
BRH:0
end_of_record
TN:
SF:D:\LEO\ANDELA\Capstone\Master\TEAMWORK\server\model\userModel.js
FNF:0
FNH:0
DA:1,1
DA:2,1
DA:4,1
DA:7,1
DA:106,1
LF:5
LH:5
BRF:0
BRH:0
end_of_record
TN:
SF:D:\LEO\ANDELA\Capstone\Master\TEAMWORK\server\db\connection.js
FNF:0
FNH:0
DA:1,1
DA:3,1
DA:5,1
DA:14,1
DA:16,1
LF:5
LH:5
BRF:0
BRH:0
end_of_record
TN:
SF:D:\LEO\ANDELA\Capstone\Master\TEAMWORK\server\controller\dbControlClass.js
FN:7,(anonymous_1)
FN:26,(anonymous_2)
FN:42,(anonymous_3)
FN:57,(anonymous_4)
FN:94,(anonymous_5)
FN:118,(anonymous_6)
FNF:6
FNH:5
FNDA:3,(anonymous_1)
FNDA:4,(anonymous_2)
FNDA:5,(anonymous_3)
FNDA:0,(anonymous_4)
FNDA:27,(anonymous_5)
FNDA:14,(anonymous_6)
DA:1,1
DA:8,3
DA:27,4
DA:29,4
DA:34,4
DA:37,0
DA:43,5
DA:45,5
DA:48,5
DA:52,0
DA:58,0
DA:60,0
DA:68,0
DA:70,0
DA:95,27
DA:98,27
DA:105,27
DA:108,0
DA:119,14
DA:122,14
DA:125,14
DA:127,0
DA:149,1
LF:23
LH:15
BRF:0
BRH:0
end_of_record
TN:
SF:D:\LEO\ANDELA\Capstone\Master\TEAMWORK\server\controller\postController.js
FNF:0
FNH:0
DA:1,1
DA:3,1
DA:5,1
DA:8,1
LF:4
LH:4
BRF:0
BRH:0
end_of_record
TN:
SF:D:\LEO\ANDELA\Capstone\Master\TEAMWORK\server\model\postModel.js
FNF:0
FNH:0
DA:4,1
DA:5,1
DA:6,1
DA:8,1
DA:12,1
DA:58,1
LF:6
LH:6
BRF:0
BRH:0
end_of_record
TN:
SF:D:\LEO\ANDELA\Capstone\Master\TEAMWORK\server\controller\commentController.js
FNF:0
FNH:0
DA:1,1
DA:3,1
DA:5,1
DA:8,1
LF:4
LH:4
BRF:0
BRH:0
end_of_record
TN:
SF:D:\LEO\ANDELA\Capstone\Master\TEAMWORK\server\model\commentModel.js
FNF:0
FNH:0
DA:4,1
DA:5,1
DA:7,1
DA:10,1
DA:51,1
LF:5
LH:5
BRF:0
BRH:0
end_of_record
TN:
SF:D:\LEO\ANDELA\Capstone\Master\TEAMWORK\server\server.js
FNF:0
FNH:0
DA:1,1
DA:2,1
DA:4,1
DA:6,1
DA:7,1
DA:8,1
DA:9,1
DA:11,0
DA:13,1
DA:14,1
DA:16,1
DA:17,0
DA:18,0
DA:20,0
DA:21,0
DA:22,0
DA:24,0
DA:25,0
DA:26,0
DA:28,0
DA:29,0
DA:30,0
DA:32,0
DA:38,1
DA:39,1
DA:40,1
DA:41,1
DA:42,1
DA:46,1
DA:47,0
DA:50,1
DA:57,1
LF:32
LH:18
BRDA:8,1,0,1
BRDA:8,1,1,0
BRDA:13,2,0,1
BRDA:13,2,1,1
BRDA:17,3,0,0
BRDA:17,3,1,0
BRDA:21,4,0,0
BRDA:21,4,1,0
BRDA:22,5,0,0
BRDA:22,5,1,0
BRDA:22,5,2,0
BRDA:41,6,0,0
BRDA:41,6,1,1
BRF:13
BRH:4
end_of_record
TN:
SF:D:\LEO\ANDELA\Capstone\Master\TEAMWORK\server\app.js
FNF:0
FNH:0
DA:2,1
DA:3,1
DA:4,1
DA:9,1
DA:11,1
DA:12,1
DA:13,48
DA:14,48
DA:15,48
DA:16,48
DA:21,1
DA:22,0
DA:25,1
DA:29,1
LF:14
LH:13
BRF:0
BRH:0
end_of_record
TN:
SF:D:\LEO\ANDELA\Capstone\Master\TEAMWORK\server\routes\apiRoute.js
FNF:0
FNH:0
DA:1,1
DA:2,1
DA:3,1
DA:6,1
DA:12,1
DA:19,1
DA:24,1
DA:31,1
DA:33,1
LF:9
LH:9
BRF:0
BRH:0
end_of_record
TN:
SF:D:\LEO\ANDELA\Capstone\Master\TEAMWORK\server\routes\authRoute.js
FNF:0
FNH:0
DA:1,1
DA:2,1
DA:3,1
DA:4,1
DA:5,1
DA:6,1
DA:7,1
DA:9,1
DA:12,1
DA:14,1
DA:15,1
DA:16,1
DA:17,1
DA:19,1
DA:22,1
DA:23,1
DA:24,1
DA:25,1
DA:27,0
DA:30,0
DA:35,0
DA:41,1
DA:42,2
DA:44,2
DA:46,2
DA:49,2
DA:51,1
DA:54,1
DA:55,1
DA:59,0
DA:64,0
DA:68,1
DA:70,2
DA:71,2
DA:72,0
DA:73,0
DA:75,2
DA:76,1
DA:80,1
DA:81,1
DA:82,1
DA:83,1
DA:84,1
DA:86,1
DA:88,0
DA:91,1
LF:46
LH:38
BRDA:23,1,0,1
BRDA:23,1,1,0
BRDA:49,2,0,1
BRDA:49,2,1,1
BRDA:71,3,0,0
BRDA:71,3,1,2
BRDA:75,4,0,1
BRDA:75,4,1,1
BRF:8
BRH:6
end_of_record
TN:
SF:D:\LEO\ANDELA\Capstone\Master\TEAMWORK\server\middleware\utilityCore.js
FNF:0
FNH:0
DA:3,1
DA:4,48
DA:6,9
DA:8,18
DA:10,0
DA:12,0
DA:14,0
DA:16,4
DA:18,0
DA:20,13
DA:22,0
DA:24,4
DA:28,1
DA:29,48
DA:31,48
DA:32,48
DA:33,48
DA:34,31
DA:36,17
DA:39,48
DA:41,10
DA:45,48
DA:48,0
DA:52,1
LF:24
LH:18
BRDA:4,1,0,9
BRDA:4,1,1,18
BRDA:4,1,2,0
BRDA:4,1,3,0
BRDA:4,1,4,0
BRDA:4,1,5,4
BRDA:4,1,6,0
BRDA:4,1,7,13
BRDA:4,1,8,0
BRDA:4,1,9,4
BRDA:33,2,0,31
BRDA:33,2,1,17
BRDA:33,3,0,48
BRDA:33,3,1,48
BRDA:39,4,0,10
BRDA:39,4,1,38
BRDA:39,5,0,48
BRDA:39,5,1,48
BRF:18
BRH:13
end_of_record
TN:
SF:D:\LEO\ANDELA\Capstone\Master\TEAMWORK\server\middleware\auth.js
FNF:0
FNH:0
DA:1,1
DA:2,1
DA:4,1
DA:5,38
DA:6,38
DA:7,38
DA:8,38
DA:9,38
DA:11,38
DA:13,0
DA:15,38
DA:18,0
LF:12
LH:10
BRDA:6,1,0,38
BRDA:6,1,1,0
BRDA:11,2,0,0
BRDA:11,2,1,38
BRF:4
BRH:2
end_of_record
TN:
SF:D:\LEO\ANDELA\Capstone\Master\TEAMWORK\server\middleware\adminAuth.js
FNF:0
FNH:0
DA:1,1
DA:2,1
DA:3,1
DA:5,1
DA:6,6
DA:7,6
DA:8,6
DA:9,6
DA:10,5
DA:13,5
DA:15,0
DA:18,5
DA:23,5
DA:24,3
DA:26,2
DA:29,0
DA:36,1
LF:17
LH:15
BRDA:7,1,0,6
BRDA:7,1,1,0
BRDA:13,2,0,0
BRDA:13,2,1,5
BRDA:23,3,0,3
BRDA:23,3,1,2
BRDA:23,4,0,5
BRDA:23,4,1,3
BRF:8
BRH:6
end_of_record
TN:
SF:D:\LEO\ANDELA\Capstone\Master\TEAMWORK\server\routes\postsRoute.js
FNF:0
FNH:0
DA:1,1
DA:2,1
DA:3,1
DA:4,1
DA:5,1
DA:7,1
DA:10,1
DA:12,2
DA:14,2
DA:15,2
DA:20,0
DA:24,1
DA:26,2
DA:27,2
DA:28,2
DA:30,0
DA:32,2
DA:35,0
DA:40,1
DA:42,3
DA:43,3
DA:44,1
DA:46,2
DA:48,3
DA:50,0
DA:57,1
DA:59,3
DA:60,3
DA:61,1
DA:63,2
DA:65,3
DA:68,0
DA:74,1
DA:76,5
DA:77,5
DA:78,1
DA:80,4
DA:81,4
DA:85,0
DA:89,1
DA:91,3
DA:92,3
DA:93,1
DA:95,2
DA:97,3
DA:100,0
DA:105,1
DA:108,1
LF:48
LH:41
BRDA:27,1,0,2
BRDA:27,1,1,0
BRDA:43,2,0,1
BRDA:43,2,1,2
BRDA:60,3,0,1
BRDA:60,3,1,2
BRDA:77,4,0,1
BRDA:77,4,1,4
BRDA:92,5,0,1
BRDA:92,5,1,2
BRF:10
BRH:9
end_of_record
TN:
SF:D:\LEO\ANDELA\Capstone\Master\TEAMWORK\server\routes\commentsRoute.js
FNF:0
FNH:0
DA:1,1
DA:2,1
DA:3,1
DA:4,1
DA:6,1
DA:8,1
DA:9,2
DA:10,2
DA:11,2
DA:13,0
DA:18,1
DA:19,4
DA:20,4
DA:21,2
DA:23,2
DA:24,2
DA:27,0
DA:36,1
DA:38,2
DA:41,2
DA:42,2
DA:43,2
DA:46,0
DA:48,2
DA:52,0
DA:57,1
DA:59,4
DA:60,4
DA:61,2
DA:63,2
DA:65,4
DA:69,0
DA:74,1
DA:76,4
DA:77,4
DA:78,2
DA:80,2
DA:81,2
DA:85,0
DA:90,1
DA:92,6
DA:93,6
DA:94,2
DA:96,4
DA:97,4
DA:102,0
DA:107,1
LF:47
LH:40
BRDA:20,1,0,2
BRDA:20,1,1,2
BRDA:42,2,0,2
BRDA:42,2,1,0
BRDA:60,3,0,2
BRDA:60,3,1,2
BRDA:77,4,0,2
BRDA:77,4,1,2
BRDA:93,5,0,2
BRDA:93,5,1,4
BRF:10
BRH:9
end_of_record
